running egg_info
creating ../../build/bringup/bringup.egg-info
writing ../../build/bringup/bringup.egg-info/PKG-INFO
writing dependency_links to ../../build/bringup/bringup.egg-info/dependency_links.txt
writing requirements to ../../build/bringup/bringup.egg-info/requires.txt
writing top-level names to ../../build/bringup/bringup.egg-info/top_level.txt
writing manifest file '../../build/bringup/bringup.egg-info/SOURCES.txt'
reading manifest file '../../build/bringup/bringup.egg-info/SOURCES.txt'
writing manifest file '../../build/bringup/bringup.egg-info/SOURCES.txt'
running build
running build_py
creating /home/kimseohee/haegeum_ws/build/bringup/build
creating /home/kimseohee/haegeum_ws/build/bringup/build/lib
creating /home/kimseohee/haegeum_ws/build/bringup/build/lib/bringup
copying bringup/__init__.py -> /home/kimseohee/haegeum_ws/build/bringup/build/lib/bringup
running install
running install_lib
creating /home/kimseohee/haegeum_ws/install/bringup/lib/python3.12/site-packages/bringup
copying /home/kimseohee/haegeum_ws/build/bringup/build/lib/bringup/__init__.py -> /home/kimseohee/haegeum_ws/install/bringup/lib/python3.12/site-packages/bringup
byte-compiling /home/kimseohee/haegeum_ws/install/bringup/lib/python3.12/site-packages/bringup/__init__.py to __init__.cpython-312.pyc
running install_data
creating /home/kimseohee/haegeum_ws/install/bringup/share/ament_index
creating /home/kimseohee/haegeum_ws/install/bringup/share/ament_index/resource_index
creating /home/kimseohee/haegeum_ws/install/bringup/share/ament_index/resource_index/packages
copying resource/bringup -> /home/kimseohee/haegeum_ws/install/bringup/share/ament_index/resource_index/packages
copying package.xml -> /home/kimseohee/haegeum_ws/install/bringup/share/bringup
running install_egg_info
Copying ../../build/bringup/bringup.egg-info to /home/kimseohee/haegeum_ws/install/bringup/lib/python3.12/site-packages/bringup-0.0.0-py3.12.egg-info
running install_scripts
writing list of installed files to '/home/kimseohee/haegeum_ws/build/bringup/install.log'
