[1.690s] Invoking command in '/home/kimseohee/haegeum_ws/src/bringup': DEBUGINFOD_URLS=https://debuginfod.ubuntu.com PYTHONPATH=/home/kimseohee/haegeum_ws/build/bringup/prefix_override:/usr/lib/python3/dist-packages/colcon_core/task/python/colcon_distutils_commands:/home/kimseohee/haegeum_ws/install/bringup/lib/python3.12/site-packages:${PYTHONPATH} /usr/bin/python3 -W ignore:setup.py install is deprecated -W ignore:easy_install command is deprecated setup.py egg_info --egg-base ../../build/bringup build --build-base /home/kimseohee/haegeum_ws/build/bringup/build install --record /home/kimseohee/haegeum_ws/build/bringup/install.log --single-version-externally-managed install_data
[1.900s] running egg_info
[1.900s] creating ../../build/bringup/bringup.egg-info
[1.914s] writing ../../build/bringup/bringup.egg-info/PKG-INFO
[1.914s] writing dependency_links to ../../build/bringup/bringup.egg-info/dependency_links.txt
[1.914s] writing requirements to ../../build/bringup/bringup.egg-info/requires.txt
[1.914s] writing top-level names to ../../build/bringup/bringup.egg-info/top_level.txt
[1.914s] writing manifest file '../../build/bringup/bringup.egg-info/SOURCES.txt'
[1.942s] reading manifest file '../../build/bringup/bringup.egg-info/SOURCES.txt'
[1.943s] writing manifest file '../../build/bringup/bringup.egg-info/SOURCES.txt'
[1.943s] running build
[1.943s] running build_py
[1.943s] creating /home/kimseohee/haegeum_ws/build/bringup/build
[1.944s] creating /home/kimseohee/haegeum_ws/build/bringup/build/lib
[1.944s] creating /home/kimseohee/haegeum_ws/build/bringup/build/lib/bringup
[1.944s] copying bringup/__init__.py -> /home/kimseohee/haegeum_ws/build/bringup/build/lib/bringup
[1.944s] running install
[1.949s] running install_lib
[1.961s] creating /home/kimseohee/haegeum_ws/install/bringup/lib/python3.12/site-packages/bringup
[1.961s] copying /home/kimseohee/haegeum_ws/build/bringup/build/lib/bringup/__init__.py -> /home/kimseohee/haegeum_ws/install/bringup/lib/python3.12/site-packages/bringup
[1.962s] byte-compiling /home/kimseohee/haegeum_ws/install/bringup/lib/python3.12/site-packages/bringup/__init__.py to __init__.cpython-312.pyc
[1.962s] running install_data
[1.962s] creating /home/kimseohee/haegeum_ws/install/bringup/share/ament_index
[1.962s] creating /home/kimseohee/haegeum_ws/install/bringup/share/ament_index/resource_index
[1.962s] creating /home/kimseohee/haegeum_ws/install/bringup/share/ament_index/resource_index/packages
[1.962s] copying resource/bringup -> /home/kimseohee/haegeum_ws/install/bringup/share/ament_index/resource_index/packages
[1.962s] copying package.xml -> /home/kimseohee/haegeum_ws/install/bringup/share/bringup
[1.962s] running install_egg_info
[1.975s] Copying ../../build/bringup/bringup.egg-info to /home/kimseohee/haegeum_ws/install/bringup/lib/python3.12/site-packages/bringup-0.0.0-py3.12.egg-info
[1.976s] running install_scripts
[2.075s] writing list of installed files to '/home/kimseohee/haegeum_ws/build/bringup/install.log'
[2.118s] Invoked command in '/home/kimseohee/haegeum_ws/src/bringup' returned '0': DEBUGINFOD_URLS=https://debuginfod.ubuntu.com PYTHONPATH=/home/kimseohee/haegeum_ws/build/bringup/prefix_override:/usr/lib/python3/dist-packages/colcon_core/task/python/colcon_distutils_commands:/home/kimseohee/haegeum_ws/install/bringup/lib/python3.12/site-packages:${PYTHONPATH} /usr/bin/python3 -W ignore:setup.py install is deprecated -W ignore:easy_install command is deprecated setup.py egg_info --egg-base ../../build/bringup build --build-base /home/kimseohee/haegeum_ws/build/bringup/build install --record /home/kimseohee/haegeum_ws/build/bringup/install.log --single-version-externally-managed install_data
