[1.652s] Invoking command in '/home/kimseohee/haegeum_ws/src/task_allocator': DEBUGINFOD_URLS=https://debuginfod.ubuntu.com PYTHONPATH=/home/kimseohee/haegeum_ws/build/task_allocator/prefix_override:/usr/lib/python3/dist-packages/colcon_core/task/python/colcon_distutils_commands:/home/kimseohee/haegeum_ws/install/task_allocator/lib/python3.12/site-packages:${PYTHONPATH} /usr/bin/python3 -W ignore:setup.py install is deprecated -W ignore:easy_install command is deprecated setup.py egg_info --egg-base ../../build/task_allocator build --build-base /home/kimseohee/haegeum_ws/build/task_allocator/build install --record /home/kimseohee/haegeum_ws/build/task_allocator/install.log --single-version-externally-managed install_data
[1.848s] running egg_info
[1.848s] creating ../../build/task_allocator/task_allocator.egg-info
[1.860s] writing ../../build/task_allocator/task_allocator.egg-info/PKG-INFO
[1.860s] writing dependency_links to ../../build/task_allocator/task_allocator.egg-info/dependency_links.txt
[1.861s] writing requirements to ../../build/task_allocator/task_allocator.egg-info/requires.txt
[1.861s] writing top-level names to ../../build/task_allocator/task_allocator.egg-info/top_level.txt
[1.861s] writing manifest file '../../build/task_allocator/task_allocator.egg-info/SOURCES.txt'
[1.888s] reading manifest file '../../build/task_allocator/task_allocator.egg-info/SOURCES.txt'
[1.888s] writing manifest file '../../build/task_allocator/task_allocator.egg-info/SOURCES.txt'
[1.888s] running build
[1.888s] running build_py
[1.888s] creating /home/kimseohee/haegeum_ws/build/task_allocator/build
[1.888s] creating /home/kimseohee/haegeum_ws/build/task_allocator/build/lib
[1.889s] creating /home/kimseohee/haegeum_ws/build/task_allocator/build/lib/task_allocator
[1.889s] copying task_allocator/__init__.py -> /home/kimseohee/haegeum_ws/build/task_allocator/build/lib/task_allocator
[1.889s] running install
[1.893s] running install_lib
[1.907s] creating /home/kimseohee/haegeum_ws/install/task_allocator/lib/python3.12/site-packages/task_allocator
[1.908s] copying /home/kimseohee/haegeum_ws/build/task_allocator/build/lib/task_allocator/__init__.py -> /home/kimseohee/haegeum_ws/install/task_allocator/lib/python3.12/site-packages/task_allocator
[1.908s] byte-compiling /home/kimseohee/haegeum_ws/install/task_allocator/lib/python3.12/site-packages/task_allocator/__init__.py to __init__.cpython-312.pyc
[1.908s] running install_data
[1.908s] creating /home/kimseohee/haegeum_ws/install/task_allocator/share/ament_index
[1.908s] creating /home/kimseohee/haegeum_ws/install/task_allocator/share/ament_index/resource_index
[1.908s] creating /home/kimseohee/haegeum_ws/install/task_allocator/share/ament_index/resource_index/packages
[1.908s] copying resource/task_allocator -> /home/kimseohee/haegeum_ws/install/task_allocator/share/ament_index/resource_index/packages
[1.908s] copying package.xml -> /home/kimseohee/haegeum_ws/install/task_allocator/share/task_allocator
[1.908s] running install_egg_info
[1.921s] Copying ../../build/task_allocator/task_allocator.egg-info to /home/kimseohee/haegeum_ws/install/task_allocator/lib/python3.12/site-packages/task_allocator-0.0.0-py3.12.egg-info
[1.922s] running install_scripts
[2.016s] writing list of installed files to '/home/kimseohee/haegeum_ws/build/task_allocator/install.log'
[2.055s] Invoked command in '/home/kimseohee/haegeum_ws/src/task_allocator' returned '0': DEBUGINFOD_URLS=https://debuginfod.ubuntu.com PYTHONPATH=/home/kimseohee/haegeum_ws/build/task_allocator/prefix_override:/usr/lib/python3/dist-packages/colcon_core/task/python/colcon_distutils_commands:/home/kimseohee/haegeum_ws/install/task_allocator/lib/python3.12/site-packages:${PYTHONPATH} /usr/bin/python3 -W ignore:setup.py install is deprecated -W ignore:easy_install command is deprecated setup.py egg_info --egg-base ../../build/task_allocator build --build-base /home/kimseohee/haegeum_ws/build/task_allocator/build install --record /home/kimseohee/haegeum_ws/build/task_allocator/install.log --single-version-externally-managed install_data
