[1.675s] Invoking command in '/home/kimseohee/haegeum_ws/src/threat_assessment': DEBUGINFOD_URLS=https://debuginfod.ubuntu.com PYTHONPATH=/home/kimseohee/haegeum_ws/build/threat_assessment/prefix_override:/usr/lib/python3/dist-packages/colcon_core/task/python/colcon_distutils_commands:/home/kimseohee/haegeum_ws/install/threat_assessment/lib/python3.12/site-packages:${PYTHONPATH} /usr/bin/python3 -W ignore:setup.py install is deprecated -W ignore:easy_install command is deprecated setup.py egg_info --egg-base ../../build/threat_assessment build --build-base /home/kimseohee/haegeum_ws/build/threat_assessment/build install --record /home/kimseohee/haegeum_ws/build/threat_assessment/install.log --single-version-externally-managed install_data
[1.858s] running egg_info
[1.858s] creating ../../build/threat_assessment/threat_assessment.egg-info
[1.872s] writing ../../build/threat_assessment/threat_assessment.egg-info/PKG-INFO
[1.873s] writing dependency_links to ../../build/threat_assessment/threat_assessment.egg-info/dependency_links.txt
[1.873s] writing requirements to ../../build/threat_assessment/threat_assessment.egg-info/requires.txt
[1.873s] writing top-level names to ../../build/threat_assessment/threat_assessment.egg-info/top_level.txt
[1.873s] writing manifest file '../../build/threat_assessment/threat_assessment.egg-info/SOURCES.txt'
[1.903s] reading manifest file '../../build/threat_assessment/threat_assessment.egg-info/SOURCES.txt'
[1.904s] writing manifest file '../../build/threat_assessment/threat_assessment.egg-info/SOURCES.txt'
[1.904s] running build
[1.904s] running build_py
[1.904s] creating /home/kimseohee/haegeum_ws/build/threat_assessment/build
[1.904s] creating /home/kimseohee/haegeum_ws/build/threat_assessment/build/lib
[1.904s] creating /home/kimseohee/haegeum_ws/build/threat_assessment/build/lib/threat_assessment
[1.904s] copying threat_assessment/__init__.py -> /home/kimseohee/haegeum_ws/build/threat_assessment/build/lib/threat_assessment
[1.905s] running install
[1.909s] running install_lib
[1.921s] creating /home/kimseohee/haegeum_ws/install/threat_assessment/lib/python3.12/site-packages/threat_assessment
[1.921s] copying /home/kimseohee/haegeum_ws/build/threat_assessment/build/lib/threat_assessment/__init__.py -> /home/kimseohee/haegeum_ws/install/threat_assessment/lib/python3.12/site-packages/threat_assessment
[1.922s] byte-compiling /home/kimseohee/haegeum_ws/install/threat_assessment/lib/python3.12/site-packages/threat_assessment/__init__.py to __init__.cpython-312.pyc
[1.922s] running install_data
[1.922s] creating /home/kimseohee/haegeum_ws/install/threat_assessment/share/ament_index
[1.922s] creating /home/kimseohee/haegeum_ws/install/threat_assessment/share/ament_index/resource_index
[1.922s] creating /home/kimseohee/haegeum_ws/install/threat_assessment/share/ament_index/resource_index/packages
[1.922s] copying resource/threat_assessment -> /home/kimseohee/haegeum_ws/install/threat_assessment/share/ament_index/resource_index/packages
[1.922s] copying package.xml -> /home/kimseohee/haegeum_ws/install/threat_assessment/share/threat_assessment
[1.922s] running install_egg_info
[1.936s] Copying ../../build/threat_assessment/threat_assessment.egg-info to /home/kimseohee/haegeum_ws/install/threat_assessment/lib/python3.12/site-packages/threat_assessment-0.0.0-py3.12.egg-info
[1.936s] running install_scripts
[2.028s] writing list of installed files to '/home/kimseohee/haegeum_ws/build/threat_assessment/install.log'
[2.074s] Invoked command in '/home/kimseohee/haegeum_ws/src/threat_assessment' returned '0': DEBUGINFOD_URLS=https://debuginfod.ubuntu.com PYTHONPATH=/home/kimseohee/haegeum_ws/build/threat_assessment/prefix_override:/usr/lib/python3/dist-packages/colcon_core/task/python/colcon_distutils_commands:/home/kimseohee/haegeum_ws/install/threat_assessment/lib/python3.12/site-packages:${PYTHONPATH} /usr/bin/python3 -W ignore:setup.py install is deprecated -W ignore:easy_install command is deprecated setup.py egg_info --egg-base ../../build/threat_assessment build --build-base /home/kimseohee/haegeum_ws/build/threat_assessment/build install --record /home/kimseohee/haegeum_ws/build/threat_assessment/install.log --single-version-externally-managed install_data
