running egg_info
creating ../../build/cloud_logger/cloud_logger.egg-info
writing ../../build/cloud_logger/cloud_logger.egg-info/PKG-INFO
writing dependency_links to ../../build/cloud_logger/cloud_logger.egg-info/dependency_links.txt
writing requirements to ../../build/cloud_logger/cloud_logger.egg-info/requires.txt
writing top-level names to ../../build/cloud_logger/cloud_logger.egg-info/top_level.txt
writing manifest file '../../build/cloud_logger/cloud_logger.egg-info/SOURCES.txt'
reading manifest file '../../build/cloud_logger/cloud_logger.egg-info/SOURCES.txt'
writing manifest file '../../build/cloud_logger/cloud_logger.egg-info/SOURCES.txt'
running build
running build_py
creating /home/kimseohee/haegeum_ws/build/cloud_logger/build
creating /home/kimseohee/haegeum_ws/build/cloud_logger/build/lib
creating /home/kimseohee/haegeum_ws/build/cloud_logger/build/lib/cloud_logger
copying cloud_logger/__init__.py -> /home/kimseohee/haegeum_ws/build/cloud_logger/build/lib/cloud_logger
running install
running install_lib
creating /home/kimseohee/haegeum_ws/install/cloud_logger/lib/python3.12/site-packages/cloud_logger
copying /home/kimseohee/haegeum_ws/build/cloud_logger/build/lib/cloud_logger/__init__.py -> /home/kimseohee/haegeum_ws/install/cloud_logger/lib/python3.12/site-packages/cloud_logger
byte-compiling /home/kimseohee/haegeum_ws/install/cloud_logger/lib/python3.12/site-packages/cloud_logger/__init__.py to __init__.cpython-312.pyc
running install_data
creating /home/kimseohee/haegeum_ws/install/cloud_logger/share/ament_index
creating /home/kimseohee/haegeum_ws/install/cloud_logger/share/ament_index/resource_index
creating /home/kimseohee/haegeum_ws/install/cloud_logger/share/ament_index/resource_index/packages
copying resource/cloud_logger -> /home/kimseohee/haegeum_ws/install/cloud_logger/share/ament_index/resource_index/packages
copying package.xml -> /home/kimseohee/haegeum_ws/install/cloud_logger/share/cloud_logger
running install_egg_info
Copying ../../build/cloud_logger/cloud_logger.egg-info to /home/kimseohee/haegeum_ws/install/cloud_logger/lib/python3.12/site-packages/cloud_logger-0.0.0-py3.12.egg-info
running install_scripts
writing list of installed files to '/home/kimseohee/haegeum_ws/build/cloud_logger/install.log'
