[1.673s] Invoking command in '/home/kimseohee/haegeum_ws/src/cloud_logger': DEBUGINFOD_URLS=https://debuginfod.ubuntu.com PYTHONPATH=/home/kimseohee/haegeum_ws/build/cloud_logger/prefix_override:/usr/lib/python3/dist-packages/colcon_core/task/python/colcon_distutils_commands:/home/kimseohee/haegeum_ws/install/cloud_logger/lib/python3.12/site-packages:${PYTHONPATH} /usr/bin/python3 -W ignore:setup.py install is deprecated -W ignore:easy_install command is deprecated setup.py egg_info --egg-base ../../build/cloud_logger build --build-base /home/kimseohee/haegeum_ws/build/cloud_logger/build install --record /home/kimseohee/haegeum_ws/build/cloud_logger/install.log --single-version-externally-managed install_data
[1.905s] running egg_info
[1.905s] creating ../../build/cloud_logger/cloud_logger.egg-info
[1.925s] writing ../../build/cloud_logger/cloud_logger.egg-info/PKG-INFO
[1.925s] writing dependency_links to ../../build/cloud_logger/cloud_logger.egg-info/dependency_links.txt
[1.925s] writing requirements to ../../build/cloud_logger/cloud_logger.egg-info/requires.txt
[1.926s] writing top-level names to ../../build/cloud_logger/cloud_logger.egg-info/top_level.txt
[1.926s] writing manifest file '../../build/cloud_logger/cloud_logger.egg-info/SOURCES.txt'
[1.966s] reading manifest file '../../build/cloud_logger/cloud_logger.egg-info/SOURCES.txt'
[1.967s] writing manifest file '../../build/cloud_logger/cloud_logger.egg-info/SOURCES.txt'
[1.967s] running build
[1.967s] running build_py
[1.967s] creating /home/kimseohee/haegeum_ws/build/cloud_logger/build
[1.967s] creating /home/kimseohee/haegeum_ws/build/cloud_logger/build/lib
[1.967s] creating /home/kimseohee/haegeum_ws/build/cloud_logger/build/lib/cloud_logger
[1.967s] copying cloud_logger/__init__.py -> /home/kimseohee/haegeum_ws/build/cloud_logger/build/lib/cloud_logger
[1.967s] running install
[1.974s] running install_lib
[1.995s] creating /home/kimseohee/haegeum_ws/install/cloud_logger/lib/python3.12/site-packages/cloud_logger
[1.995s] copying /home/kimseohee/haegeum_ws/build/cloud_logger/build/lib/cloud_logger/__init__.py -> /home/kimseohee/haegeum_ws/install/cloud_logger/lib/python3.12/site-packages/cloud_logger
[1.996s] byte-compiling /home/kimseohee/haegeum_ws/install/cloud_logger/lib/python3.12/site-packages/cloud_logger/__init__.py to __init__.cpython-312.pyc
[1.996s] running install_data
[1.996s] creating /home/kimseohee/haegeum_ws/install/cloud_logger/share/ament_index
[1.996s] creating /home/kimseohee/haegeum_ws/install/cloud_logger/share/ament_index/resource_index
[1.996s] creating /home/kimseohee/haegeum_ws/install/cloud_logger/share/ament_index/resource_index/packages
[1.996s] copying resource/cloud_logger -> /home/kimseohee/haegeum_ws/install/cloud_logger/share/ament_index/resource_index/packages
[1.996s] copying package.xml -> /home/kimseohee/haegeum_ws/install/cloud_logger/share/cloud_logger
[1.997s] running install_egg_info
[2.020s] Copying ../../build/cloud_logger/cloud_logger.egg-info to /home/kimseohee/haegeum_ws/install/cloud_logger/lib/python3.12/site-packages/cloud_logger-0.0.0-py3.12.egg-info
[2.020s] running install_scripts
[2.144s] writing list of installed files to '/home/kimseohee/haegeum_ws/build/cloud_logger/install.log'
[2.169s] Invoked command in '/home/kimseohee/haegeum_ws/src/cloud_logger' returned '0': DEBUGINFOD_URLS=https://debuginfod.ubuntu.com PYTHONPATH=/home/kimseohee/haegeum_ws/build/cloud_logger/prefix_override:/usr/lib/python3/dist-packages/colcon_core/task/python/colcon_distutils_commands:/home/kimseohee/haegeum_ws/install/cloud_logger/lib/python3.12/site-packages:${PYTHONPATH} /usr/bin/python3 -W ignore:setup.py install is deprecated -W ignore:easy_install command is deprecated setup.py egg_info --egg-base ../../build/cloud_logger build --build-base /home/kimseohee/haegeum_ws/build/cloud_logger/build install --record /home/kimseohee/haegeum_ws/build/cloud_logger/install.log --single-version-externally-managed install_data
