running egg_info
creating ../../build/target_fusion/target_fusion.egg-info
writing ../../build/target_fusion/target_fusion.egg-info/PKG-INFO
writing dependency_links to ../../build/target_fusion/target_fusion.egg-info/dependency_links.txt
writing requirements to ../../build/target_fusion/target_fusion.egg-info/requires.txt
writing top-level names to ../../build/target_fusion/target_fusion.egg-info/top_level.txt
writing manifest file '../../build/target_fusion/target_fusion.egg-info/SOURCES.txt'
reading manifest file '../../build/target_fusion/target_fusion.egg-info/SOURCES.txt'
writing manifest file '../../build/target_fusion/target_fusion.egg-info/SOURCES.txt'
running build
running build_py
creating /home/kimseohee/haegeum_ws/build/target_fusion/build
creating /home/kimseohee/haegeum_ws/build/target_fusion/build/lib
creating /home/kimseohee/haegeum_ws/build/target_fusion/build/lib/target_fusion
copying target_fusion/__init__.py -> /home/kimseohee/haegeum_ws/build/target_fusion/build/lib/target_fusion
running install
running install_lib
creating /home/kimseohee/haegeum_ws/install/target_fusion/lib/python3.12/site-packages/target_fusion
copying /home/kimseohee/haegeum_ws/build/target_fusion/build/lib/target_fusion/__init__.py -> /home/kimseohee/haegeum_ws/install/target_fusion/lib/python3.12/site-packages/target_fusion
byte-compiling /home/kimseohee/haegeum_ws/install/target_fusion/lib/python3.12/site-packages/target_fusion/__init__.py to __init__.cpython-312.pyc
running install_data
creating /home/kimseohee/haegeum_ws/install/target_fusion/share/ament_index
creating /home/kimseohee/haegeum_ws/install/target_fusion/share/ament_index/resource_index
creating /home/kimseohee/haegeum_ws/install/target_fusion/share/ament_index/resource_index/packages
copying resource/target_fusion -> /home/kimseohee/haegeum_ws/install/target_fusion/share/ament_index/resource_index/packages
copying package.xml -> /home/kimseohee/haegeum_ws/install/target_fusion/share/target_fusion
running install_egg_info
Copying ../../build/target_fusion/target_fusion.egg-info to /home/kimseohee/haegeum_ws/install/target_fusion/lib/python3.12/site-packages/target_fusion-0.0.0-py3.12.egg-info
running install_scripts
writing list of installed files to '/home/kimseohee/haegeum_ws/build/target_fusion/install.log'
