[1.657s] Invoking command in '/home/kimseohee/haegeum_ws/src/target_fusion': DEBUGINFOD_URLS=https://debuginfod.ubuntu.com PYTHONPATH=/home/kimseohee/haegeum_ws/build/target_fusion/prefix_override:/usr/lib/python3/dist-packages/colcon_core/task/python/colcon_distutils_commands:/home/kimseohee/haegeum_ws/install/target_fusion/lib/python3.12/site-packages:${PYTHONPATH} /usr/bin/python3 -W ignore:setup.py install is deprecated -W ignore:easy_install command is deprecated setup.py egg_info --egg-base ../../build/target_fusion build --build-base /home/kimseohee/haegeum_ws/build/target_fusion/build install --record /home/kimseohee/haegeum_ws/build/target_fusion/install.log --single-version-externally-managed install_data
[1.844s] running egg_info
[1.845s] creating ../../build/target_fusion/target_fusion.egg-info
[1.856s] writing ../../build/target_fusion/target_fusion.egg-info/PKG-INFO
[1.857s] writing dependency_links to ../../build/target_fusion/target_fusion.egg-info/dependency_links.txt
[1.857s] writing requirements to ../../build/target_fusion/target_fusion.egg-info/requires.txt
[1.857s] writing top-level names to ../../build/target_fusion/target_fusion.egg-info/top_level.txt
[1.857s] writing manifest file '../../build/target_fusion/target_fusion.egg-info/SOURCES.txt'
[1.883s] reading manifest file '../../build/target_fusion/target_fusion.egg-info/SOURCES.txt'
[1.884s] writing manifest file '../../build/target_fusion/target_fusion.egg-info/SOURCES.txt'
[1.884s] running build
[1.884s] running build_py
[1.884s] creating /home/kimseohee/haegeum_ws/build/target_fusion/build
[1.884s] creating /home/kimseohee/haegeum_ws/build/target_fusion/build/lib
[1.884s] creating /home/kimseohee/haegeum_ws/build/target_fusion/build/lib/target_fusion
[1.884s] copying target_fusion/__init__.py -> /home/kimseohee/haegeum_ws/build/target_fusion/build/lib/target_fusion
[1.884s] running install
[1.888s] running install_lib
[1.901s] creating /home/kimseohee/haegeum_ws/install/target_fusion/lib/python3.12/site-packages/target_fusion
[1.901s] copying /home/kimseohee/haegeum_ws/build/target_fusion/build/lib/target_fusion/__init__.py -> /home/kimseohee/haegeum_ws/install/target_fusion/lib/python3.12/site-packages/target_fusion
[1.901s] byte-compiling /home/kimseohee/haegeum_ws/install/target_fusion/lib/python3.12/site-packages/target_fusion/__init__.py to __init__.cpython-312.pyc
[1.902s] running install_data
[1.902s] creating /home/kimseohee/haegeum_ws/install/target_fusion/share/ament_index
[1.902s] creating /home/kimseohee/haegeum_ws/install/target_fusion/share/ament_index/resource_index
[1.902s] creating /home/kimseohee/haegeum_ws/install/target_fusion/share/ament_index/resource_index/packages
[1.902s] copying resource/target_fusion -> /home/kimseohee/haegeum_ws/install/target_fusion/share/ament_index/resource_index/packages
[1.902s] copying package.xml -> /home/kimseohee/haegeum_ws/install/target_fusion/share/target_fusion
[1.902s] running install_egg_info
[1.917s] Copying ../../build/target_fusion/target_fusion.egg-info to /home/kimseohee/haegeum_ws/install/target_fusion/lib/python3.12/site-packages/target_fusion-0.0.0-py3.12.egg-info
[1.917s] running install_scripts
[2.011s] writing list of installed files to '/home/kimseohee/haegeum_ws/build/target_fusion/install.log'
[2.053s] Invoked command in '/home/kimseohee/haegeum_ws/src/target_fusion' returned '0': DEBUGINFOD_URLS=https://debuginfod.ubuntu.com PYTHONPATH=/home/kimseohee/haegeum_ws/build/target_fusion/prefix_override:/usr/lib/python3/dist-packages/colcon_core/task/python/colcon_distutils_commands:/home/kimseohee/haegeum_ws/install/target_fusion/lib/python3.12/site-packages:${PYTHONPATH} /usr/bin/python3 -W ignore:setup.py install is deprecated -W ignore:easy_install command is deprecated setup.py egg_info --egg-base ../../build/target_fusion build --build-base /home/kimseohee/haegeum_ws/build/target_fusion/build install --record /home/kimseohee/haegeum_ws/build/target_fusion/install.log --single-version-externally-managed install_data
