-- The C compiler identification is GNU 13.3.0
-- The CXX compiler identification is GNU 13.3.0
-- Detecting C compiler ABI info
-- Detecting C compiler ABI info - done
-- Check for working C compiler: /usr/bin/cc - skipped
-- Detecting C compile features
-- Detecting C compile features - done
-- Detecting CXX compiler ABI info
-- Detecting CXX compiler ABI info - done
-- Check for working CXX compiler: /usr/bin/c++ - skipped
-- Detecting CXX compile features
-- Detecting CXX compile features - done
-- Found ament_cmake: 2.5.6 (/opt/ros/jazzy/share/ament_cmake/cmake)
-- Found Python3: /usr/bin/python3 (found version "3.12.3") found components: Interpreter 
-- Found rosidl_default_generators: 1.6.1 (/opt/ros/jazzy/share/rosidl_default_generators/cmake)
-- Using all available rosidl_typesupport_c: rosidl_typesupport_fastrtps_c;rosidl_typesupport_introspection_c
-- Using all available rosidl_typesupport_cpp: rosidl_typesupport_fastrtps_cpp;rosidl_typesupport_introspection_cpp
-- Found rosidl_adapter: 4.6.9 (/opt/ros/jazzy/share/rosidl_adapter/cmake)
-- Found builtin_interfaces: 2.0.4 (/opt/ros/jazzy/share/builtin_interfaces/cmake)
-- Found geometry_msgs: 5.3.8 (/opt/ros/jazzy/share/geometry_msgs/cmake)
-- Found ament_cmake_ros: 0.12.1 (/opt/ros/jazzy/share/ament_cmake_ros/cmake)
-- Using all available rosidl_typesupport_c: rosidl_typesupport_fastrtps_c;rosidl_typesupport_introspection_c
-- Using all available rosidl_typesupport_cpp: rosidl_typesupport_fastrtps_cpp;rosidl_typesupport_introspection_cpp
-- Found python_cmake_module: 0.11.1 (/opt/ros/jazzy/share/python_cmake_module/cmake)
-- Found PythonExtra: /usr/bin/python3  
-- Found Python3: /usr/bin/python3 (found version "3.12.3") found components: Interpreter Development NumPy Development.Module Development.Embed 
-- Found Python3: /usr/bin/python3 (found version "3.12.3") found components: Interpreter 
-- Configuring done (2.8s)
-- Generating done (0.0s)
-- Build files have been written to: /home/kimseohee/haegeum_ws/build/haegeum_interfaces
[  2%] [34m[1mGenerating type hashes for ROS interfaces[0m
[  2%] [34m[1mGenerating Rust code for ROS interfaces[0m
[  2%] Built target ament_cmake_python_copy_haegeum_interfaces
running egg_info
creating haegeum_interfaces.egg-info
[  2%] Built target haegeum_interfaces__rosidl_generator_type_description
writing haegeum_interfaces.egg-info/PKG-INFO
writing dependency_links to haegeum_interfaces.egg-info/dependency_links.txt
writing top-level names to haegeum_interfaces.egg-info/top_level.txt
writing manifest file 'haegeum_interfaces.egg-info/SOURCES.txt'
[  4%] [34m[1mGenerating C code for ROS interfaces[0m
[  4%] Built target haegeum_interfaces__rs
[  5%] [34m[1mGenerating C++ code for ROS interfaces[0m
reading manifest file 'haegeum_interfaces.egg-info/SOURCES.txt'
writing manifest file 'haegeum_interfaces.egg-info/SOURCES.txt'
[  5%] Built target ament_cmake_python_build_haegeum_interfaces_egg
[  5%] Built target haegeum_interfaces__cpp
[ 16%] [32mBuilding C object CMakeFiles/haegeum_interfaces__rosidl_generator_c.dir/rosidl_generator_c/haegeum_interfaces/msg/detail/robot_status__functions.c.o[0m
[ 16%] [32mBuilding C object CMakeFiles/haegeum_interfaces__rosidl_generator_c.dir/rosidl_generator_c/haegeum_interfaces/msg/detail/event__type_support.c.o[0m
[ 16%] [32mBuilding C object CMakeFiles/haegeum_interfaces__rosidl_generator_c.dir/rosidl_generator_c/haegeum_interfaces/msg/detail/robot_status__description.c.o[0m
[ 18%] [32mBuilding C object CMakeFiles/haegeum_interfaces__rosidl_generator_c.dir/rosidl_generator_c/haegeum_interfaces/msg/detail/assignment__type_support.c.o[0m
[ 16%] [32mBuilding C object CMakeFiles/haegeum_interfaces__rosidl_generator_c.dir/rosidl_generator_c/haegeum_interfaces/msg/detail/assignment__description.c.o[0m
[ 16%] [32mBuilding C object CMakeFiles/haegeum_interfaces__rosidl_generator_c.dir/rosidl_generator_c/haegeum_interfaces/msg/detail/robot_status__type_support.c.o[0m
[ 16%] [32mBuilding C object CMakeFiles/haegeum_interfaces__rosidl_generator_c.dir/rosidl_generator_c/haegeum_interfaces/msg/detail/battlefield_state__functions.c.o[0m
[ 16%] [32mBuilding C object CMakeFiles/haegeum_interfaces__rosidl_generator_c.dir/rosidl_generator_c/haegeum_interfaces/msg/detail/battlefield_state__description.c.o[0m
[ 22%] [32mBuilding C object CMakeFiles/haegeum_interfaces__rosidl_generator_c.dir/rosidl_generator_c/haegeum_interfaces/msg/detail/assignment__functions.c.o[0m
[ 16%] [32mBuilding C object CMakeFiles/haegeum_interfaces__rosidl_generator_c.dir/rosidl_generator_c/haegeum_interfaces/msg/detail/target__type_support.c.o[0m
[ 22%] [32mBuilding C object CMakeFiles/haegeum_interfaces__rosidl_generator_c.dir/rosidl_generator_c/haegeum_interfaces/msg/detail/target__description.c.o[0m
[ 22%] [32mBuilding C object CMakeFiles/haegeum_interfaces__rosidl_generator_c.dir/rosidl_generator_c/haegeum_interfaces/msg/detail/event__functions.c.o[0m
[ 22%] [32mBuilding C object CMakeFiles/haegeum_interfaces__rosidl_generator_c.dir/rosidl_generator_c/haegeum_interfaces/msg/detail/target__functions.c.o[0m
[ 25%] [32mBuilding C object CMakeFiles/haegeum_interfaces__rosidl_generator_c.dir/rosidl_generator_c/haegeum_interfaces/msg/detail/event__description.c.o[0m
[ 25%] [32mBuilding C object CMakeFiles/haegeum_interfaces__rosidl_generator_c.dir/rosidl_generator_c/haegeum_interfaces/msg/detail/battlefield_state__type_support.c.o[0m
[ 26%] [32m[1mLinking C shared library libhaegeum_interfaces__rosidl_generator_c.so[0m
[ 26%] Built target haegeum_interfaces__rosidl_generator_c
[ 30%] [34m[1mGenerating C type support dispatch for ROS interfaces[0m
[ 34%] [34m[1mGenerating C++ introspection for ROS interfaces[0m
[ 30%] [34m[1mGenerating C++ type support dispatch for ROS interfaces[0m
[ 34%] [34m[1mGenerating C++ type support for eProsima Fast-RTPS[0m
[ 34%] [34m[1mGenerating C introspection for ROS interfaces[0m
[ 34%] [34m[1mGenerating C type support for eProsima Fast-RTPS[0m
[ 41%] [32mBuilding CXX object CMakeFiles/haegeum_interfaces__rosidl_typesupport_c.dir/rosidl_typesupport_c/haegeum_interfaces/msg/battlefield_state__type_support.cpp.o[0m
[ 41%] [32mBuilding CXX object CMakeFiles/haegeum_interfaces__rosidl_typesupport_c.dir/rosidl_typesupport_c/haegeum_interfaces/msg/assignment__type_support.cpp.o[0m
[ 41%] [32mBuilding CXX object CMakeFiles/haegeum_interfaces__rosidl_typesupport_c.dir/rosidl_typesupport_c/haegeum_interfaces/msg/target__type_support.cpp.o[0m
[ 41%] [32mBuilding CXX object CMakeFiles/haegeum_interfaces__rosidl_typesupport_c.dir/rosidl_typesupport_c/haegeum_interfaces/msg/robot_status__type_support.cpp.o[0m
[ 41%] [32mBuilding CXX object CMakeFiles/haegeum_interfaces__rosidl_typesupport_c.dir/rosidl_typesupport_c/haegeum_interfaces/msg/event__type_support.cpp.o[0m
[ 45%] [32mBuilding CXX object CMakeFiles/haegeum_interfaces__rosidl_typesupport_cpp.dir/rosidl_typesupport_cpp/haegeum_interfaces/msg/assignment__type_support.cpp.o[0m
[ 45%] [32mBuilding CXX object CMakeFiles/haegeum_interfaces__rosidl_typesupport_cpp.dir/rosidl_typesupport_cpp/haegeum_interfaces/msg/target__type_support.cpp.o[0m
[ 45%] [32mBuilding CXX object CMakeFiles/haegeum_interfaces__rosidl_typesupport_cpp.dir/rosidl_typesupport_cpp/haegeum_interfaces/msg/robot_status__type_support.cpp.o[0m
[ 46%] [32mBuilding CXX object CMakeFiles/haegeum_interfaces__rosidl_typesupport_cpp.dir/rosidl_typesupport_cpp/haegeum_interfaces/msg/battlefield_state__type_support.cpp.o[0m
[ 48%] [32mBuilding CXX object CMakeFiles/haegeum_interfaces__rosidl_typesupport_cpp.dir/rosidl_typesupport_cpp/haegeum_interfaces/msg/event__type_support.cpp.o[0m
[ 57%] [32mBuilding C object CMakeFiles/haegeum_interfaces__rosidl_typesupport_introspection_c.dir/rosidl_typesupport_introspection_c/haegeum_interfaces/msg/detail/target__type_support.c.o[0m
[ 57%] [32mBuilding CXX object CMakeFiles/haegeum_interfaces__rosidl_typesupport_introspection_cpp.dir/rosidl_typesupport_introspection_cpp/haegeum_interfaces/msg/detail/event__type_support.cpp.o[0m
[ 57%] [32mBuilding CXX object CMakeFiles/haegeum_interfaces__rosidl_typesupport_introspection_cpp.dir/rosidl_typesupport_introspection_cpp/haegeum_interfaces/msg/detail/robot_status__type_support.cpp.o[0m
[ 57%] [32mBuilding CXX object CMakeFiles/haegeum_interfaces__rosidl_typesupport_introspection_cpp.dir/rosidl_typesupport_introspection_cpp/haegeum_interfaces/msg/detail/assignment__type_support.cpp.o[0m
[ 57%] [32mBuilding CXX object CMakeFiles/haegeum_interfaces__rosidl_typesupport_introspection_cpp.dir/rosidl_typesupport_introspection_cpp/haegeum_interfaces/msg/detail/target__type_support.cpp.o[0m
[ 57%] [32mBuilding C object CMakeFiles/haegeum_interfaces__rosidl_typesupport_introspection_c.dir/rosidl_typesupport_introspection_c/haegeum_interfaces/msg/detail/assignment__type_support.c.o[0m
[ 57%] [32mBuilding C object CMakeFiles/haegeum_interfaces__rosidl_typesupport_introspection_c.dir/rosidl_typesupport_introspection_c/haegeum_interfaces/msg/detail/event__type_support.c.o[0m
[ 58%] [32mBuilding C object CMakeFiles/haegeum_interfaces__rosidl_typesupport_introspection_c.dir/rosidl_typesupport_introspection_c/haegeum_interfaces/msg/detail/robot_status__type_support.c.o[0m
[ 60%] [32m[1mLinking CXX shared library libhaegeum_interfaces__rosidl_typesupport_c.so[0m
[ 60%] Built target haegeum_interfaces__rosidl_typesupport_c
[ 62%] [32mBuilding CXX object CMakeFiles/haegeum_interfaces__rosidl_typesupport_introspection_cpp.dir/rosidl_typesupport_introspection_cpp/haegeum_interfaces/msg/detail/battlefield_state__type_support.cpp.o[0m
[ 62%] [32mBuilding C object CMakeFiles/haegeum_interfaces__rosidl_typesupport_introspection_c.dir/rosidl_typesupport_introspection_c/haegeum_interfaces/msg/detail/battlefield_state__type_support.c.o[0m
[ 65%] [32mBuilding CXX object CMakeFiles/haegeum_interfaces__rosidl_typesupport_fastrtps_cpp.dir/rosidl_typesupport_fastrtps_cpp/haegeum_interfaces/msg/detail/dds_fastrtps/assignment__type_support.cpp.o[0m
[ 65%] [32mBuilding CXX object CMakeFiles/haegeum_interfaces__rosidl_typesupport_fastrtps_cpp.dir/rosidl_typesupport_fastrtps_cpp/haegeum_interfaces/msg/detail/dds_fastrtps/robot_status__type_support.cpp.o[0m
[ 66%] [32mBuilding CXX object CMakeFiles/haegeum_interfaces__rosidl_typesupport_fastrtps_cpp.dir/rosidl_typesupport_fastrtps_cpp/haegeum_interfaces/msg/detail/dds_fastrtps/target__type_support.cpp.o[0m
[ 68%] [32mBuilding CXX object CMakeFiles/haegeum_interfaces__rosidl_typesupport_fastrtps_cpp.dir/rosidl_typesupport_fastrtps_cpp/haegeum_interfaces/msg/detail/dds_fastrtps/event__type_support.cpp.o[0m
[ 69%] [32m[1mLinking C shared library libhaegeum_interfaces__rosidl_typesupport_introspection_c.so[0m
[ 70%] [32mBuilding CXX object CMakeFiles/haegeum_interfaces__rosidl_typesupport_fastrtps_c.dir/rosidl_typesupport_fastrtps_c/haegeum_interfaces/msg/detail/robot_status__type_support_c.cpp.o[0m
[ 70%] Built target haegeum_interfaces__rosidl_typesupport_introspection_c
[ 72%] [32mBuilding CXX object CMakeFiles/haegeum_interfaces__rosidl_typesupport_fastrtps_c.dir/rosidl_typesupport_fastrtps_c/haegeum_interfaces/msg/detail/target__type_support_c.cpp.o[0m
[ 74%] [32mBuilding CXX object CMakeFiles/haegeum_interfaces__rosidl_typesupport_fastrtps_cpp.dir/rosidl_typesupport_fastrtps_cpp/haegeum_interfaces/msg/detail/dds_fastrtps/battlefield_state__type_support.cpp.o[0m
[ 74%] [32mBuilding CXX object CMakeFiles/haegeum_interfaces__rosidl_typesupport_fastrtps_c.dir/rosidl_typesupport_fastrtps_c/haegeum_interfaces/msg/detail/assignment__type_support_c.cpp.o[0m
[ 76%] [32mBuilding CXX object CMakeFiles/haegeum_interfaces__rosidl_typesupport_fastrtps_c.dir/rosidl_typesupport_fastrtps_c/haegeum_interfaces/msg/detail/event__type_support_c.cpp.o[0m
[ 77%] [32mBuilding CXX object CMakeFiles/haegeum_interfaces__rosidl_typesupport_fastrtps_c.dir/rosidl_typesupport_fastrtps_c/haegeum_interfaces/msg/detail/battlefield_state__type_support_c.cpp.o[0m
[ 78%] [32m[1mLinking CXX shared library libhaegeum_interfaces__rosidl_typesupport_cpp.so[0m
[ 78%] Built target haegeum_interfaces__rosidl_typesupport_cpp
[ 80%] [32m[1mLinking CXX shared library libhaegeum_interfaces__rosidl_typesupport_introspection_cpp.so[0m
[ 80%] Built target haegeum_interfaces__rosidl_typesupport_introspection_cpp
[ 81%] [32m[1mLinking CXX shared library libhaegeum_interfaces__rosidl_typesupport_fastrtps_c.so[0m
[ 81%] Built target haegeum_interfaces__rosidl_typesupport_fastrtps_c
[ 82%] [32m[1mLinking CXX shared library libhaegeum_interfaces__rosidl_typesupport_fastrtps_cpp.so[0m
[ 82%] Built target haegeum_interfaces__rosidl_typesupport_fastrtps_cpp
[ 82%] Built target haegeum_interfaces
[ 84%] [34m[1mGenerating Python code for ROS interfaces[0m
[ 84%] Built target haegeum_interfaces__py
[ 90%] [32mBuilding C object CMakeFiles/haegeum_interfaces__rosidl_generator_py.dir/rosidl_generator_py/haegeum_interfaces/msg/_target_s.c.o[0m
[ 90%] [32mBuilding C object CMakeFiles/haegeum_interfaces__rosidl_generator_py.dir/rosidl_generator_py/haegeum_interfaces/msg/_robot_status_s.c.o[0m
[ 90%] [32mBuilding C object CMakeFiles/haegeum_interfaces__rosidl_generator_py.dir/rosidl_generator_py/haegeum_interfaces/msg/_event_s.c.o[0m
[ 90%] [32mBuilding C object CMakeFiles/haegeum_interfaces__rosidl_generator_py.dir/rosidl_generator_py/haegeum_interfaces/msg/_battlefield_state_s.c.o[0m
[ 90%] [32mBuilding C object CMakeFiles/haegeum_interfaces__rosidl_generator_py.dir/rosidl_generator_py/haegeum_interfaces/msg/_assignment_s.c.o[0m
[ 92%] [32m[1mLinking C shared library libhaegeum_interfaces__rosidl_generator_py.so[0m
[ 92%] Built target haegeum_interfaces__rosidl_generator_py
[ 96%] [32mBuilding C object CMakeFiles/haegeum_interfaces_s__rosidl_typesupport_fastrtps_c.dir/rosidl_generator_py/haegeum_interfaces/_haegeum_interfaces_s.ep.rosidl_typesupport_fastrtps_c.c.o[0m
[ 96%] [32mBuilding C object CMakeFiles/haegeum_interfaces_s__rosidl_typesupport_introspection_c.dir/rosidl_generator_py/haegeum_interfaces/_haegeum_interfaces_s.ep.rosidl_typesupport_introspection_c.c.o[0m
[ 96%] [32mBuilding C object CMakeFiles/haegeum_interfaces_s__rosidl_typesupport_c.dir/rosidl_generator_py/haegeum_interfaces/_haegeum_interfaces_s.ep.rosidl_typesupport_c.c.o[0m
[ 97%] [32m[1mLinking C shared module rosidl_generator_py/haegeum_interfaces/haegeum_interfaces_s__rosidl_typesupport_c.so[0m
[ 98%] [32m[1mLinking C shared module rosidl_generator_py/haegeum_interfaces/haegeum_interfaces_s__rosidl_typesupport_introspection_c.so[0m
[100%] [32m[1mLinking C shared module rosidl_generator_py/haegeum_interfaces/haegeum_interfaces_s__rosidl_typesupport_fastrtps_c.so[0m
[100%] Built target haegeum_interfaces_s__rosidl_typesupport_c
[100%] Built target haegeum_interfaces_s__rosidl_typesupport_introspection_c
[100%] Built target haegeum_interfaces_s__rosidl_typesupport_fastrtps_c
-- Install configuration: ""
-- Installing: /home/kimseohee/haegeum_ws/install/haegeum_interfaces/share/ament_index/resource_index/rosidl_interfaces/haegeum_interfaces
-- Installing: /home/kimseohee/haegeum_ws/install/haegeum_interfaces/share/haegeum_interfaces/msg/RobotStatus.json
-- Installing: /home/kimseohee/haegeum_ws/install/haegeum_interfaces/share/haegeum_interfaces/msg/Target.json
-- Installing: /home/kimseohee/haegeum_ws/install/haegeum_interfaces/share/haegeum_interfaces/msg/Assignment.json
-- Installing: /home/kimseohee/haegeum_ws/install/haegeum_interfaces/share/haegeum_interfaces/msg/Event.json
-- Installing: /home/kimseohee/haegeum_ws/install/haegeum_interfaces/share/haegeum_interfaces/msg/BattlefieldState.json
-- Installing: /home/kimseohee/haegeum_ws/install/haegeum_interfaces/include/haegeum_interfaces/haegeum_interfaces
-- Installing: /home/kimseohee/haegeum_ws/install/haegeum_interfaces/include/haegeum_interfaces/haegeum_interfaces/msg
-- Installing: /home/kimseohee/haegeum_ws/install/haegeum_interfaces/include/haegeum_interfaces/haegeum_interfaces/msg/rosidl_generator_c__visibility_control.h
-- Installing: /home/kimseohee/haegeum_ws/install/haegeum_interfaces/include/haegeum_interfaces/haegeum_interfaces/msg/detail
-- Installing: /home/kimseohee/haegeum_ws/install/haegeum_interfaces/include/haegeum_interfaces/haegeum_interfaces/msg/detail/assignment__description.c
-- Installing: /home/kimseohee/haegeum_ws/install/haegeum_interfaces/include/haegeum_interfaces/haegeum_interfaces/msg/detail/event__description.c
-- Installing: /home/kimseohee/haegeum_ws/install/haegeum_interfaces/include/haegeum_interfaces/haegeum_interfaces/msg/detail/target__description.c
-- Installing: /home/kimseohee/haegeum_ws/install/haegeum_interfaces/include/haegeum_interfaces/haegeum_interfaces/msg/detail/assignment__struct.h
-- Installing: /home/kimseohee/haegeum_ws/install/haegeum_interfaces/include/haegeum_interfaces/haegeum_interfaces/msg/detail/target__functions.h
-- Installing: /home/kimseohee/haegeum_ws/install/haegeum_interfaces/include/haegeum_interfaces/haegeum_interfaces/msg/detail/robot_status__struct.h
-- Installing: /home/kimseohee/haegeum_ws/install/haegeum_interfaces/include/haegeum_interfaces/haegeum_interfaces/msg/detail/robot_status__description.c
-- Installing: /home/kimseohee/haegeum_ws/install/haegeum_interfaces/include/haegeum_interfaces/haegeum_interfaces/msg/detail/assignment__functions.c
-- Installing: /home/kimseohee/haegeum_ws/install/haegeum_interfaces/include/haegeum_interfaces/haegeum_interfaces/msg/detail/robot_status__type_support.c
-- Installing: /home/kimseohee/haegeum_ws/install/haegeum_interfaces/include/haegeum_interfaces/haegeum_interfaces/msg/detail/event__functions.c
-- Installing: /home/kimseohee/haegeum_ws/install/haegeum_interfaces/include/haegeum_interfaces/haegeum_interfaces/msg/detail/battlefield_state__type_support.h
-- Installing: /home/kimseohee/haegeum_ws/install/haegeum_interfaces/include/haegeum_interfaces/haegeum_interfaces/msg/detail/target__struct.h
-- Installing: /home/kimseohee/haegeum_ws/install/haegeum_interfaces/include/haegeum_interfaces/haegeum_interfaces/msg/detail/battlefield_state__functions.c
-- Installing: /home/kimseohee/haegeum_ws/install/haegeum_interfaces/include/haegeum_interfaces/haegeum_interfaces/msg/detail/assignment__type_support.c
-- Installing: /home/kimseohee/haegeum_ws/install/haegeum_interfaces/include/haegeum_interfaces/haegeum_interfaces/msg/detail/assignment__type_support.h
-- Installing: /home/kimseohee/haegeum_ws/install/haegeum_interfaces/include/haegeum_interfaces/haegeum_interfaces/msg/detail/battlefield_state__struct.h
-- Installing: /home/kimseohee/haegeum_ws/install/haegeum_interfaces/include/haegeum_interfaces/haegeum_interfaces/msg/detail/event__struct.h
-- Installing: /home/kimseohee/haegeum_ws/install/haegeum_interfaces/include/haegeum_interfaces/haegeum_interfaces/msg/detail/battlefield_state__functions.h
-- Installing: /home/kimseohee/haegeum_ws/install/haegeum_interfaces/include/haegeum_interfaces/haegeum_interfaces/msg/detail/event__type_support.c
-- Installing: /home/kimseohee/haegeum_ws/install/haegeum_interfaces/include/haegeum_interfaces/haegeum_interfaces/msg/detail/event__type_support.h
-- Installing: /home/kimseohee/haegeum_ws/install/haegeum_interfaces/include/haegeum_interfaces/haegeum_interfaces/msg/detail/target__functions.c
-- Installing: /home/kimseohee/haegeum_ws/install/haegeum_interfaces/include/haegeum_interfaces/haegeum_interfaces/msg/detail/battlefield_state__type_support.c
-- Installing: /home/kimseohee/haegeum_ws/install/haegeum_interfaces/include/haegeum_interfaces/haegeum_interfaces/msg/detail/assignment__functions.h
-- Installing: /home/kimseohee/haegeum_ws/install/haegeum_interfaces/include/haegeum_interfaces/haegeum_interfaces/msg/detail/target__type_support.h
-- Installing: /home/kimseohee/haegeum_ws/install/haegeum_interfaces/include/haegeum_interfaces/haegeum_interfaces/msg/detail/battlefield_state__description.c
-- Installing: /home/kimseohee/haegeum_ws/install/haegeum_interfaces/include/haegeum_interfaces/haegeum_interfaces/msg/detail/robot_status__functions.h
-- Installing: /home/kimseohee/haegeum_ws/install/haegeum_interfaces/include/haegeum_interfaces/haegeum_interfaces/msg/detail/event__functions.h
-- Installing: /home/kimseohee/haegeum_ws/install/haegeum_interfaces/include/haegeum_interfaces/haegeum_interfaces/msg/detail/robot_status__type_support.h
-- Installing: /home/kimseohee/haegeum_ws/install/haegeum_interfaces/include/haegeum_interfaces/haegeum_interfaces/msg/detail/robot_status__functions.c
-- Installing: /home/kimseohee/haegeum_ws/install/haegeum_interfaces/include/haegeum_interfaces/haegeum_interfaces/msg/detail/target__type_support.c
-- Installing: /home/kimseohee/haegeum_ws/install/haegeum_interfaces/include/haegeum_interfaces/haegeum_interfaces/msg/robot_status.h
-- Installing: /home/kimseohee/haegeum_ws/install/haegeum_interfaces/include/haegeum_interfaces/haegeum_interfaces/msg/event.h
-- Installing: /home/kimseohee/haegeum_ws/install/haegeum_interfaces/include/haegeum_interfaces/haegeum_interfaces/msg/assignment.h
-- Installing: /home/kimseohee/haegeum_ws/install/haegeum_interfaces/include/haegeum_interfaces/haegeum_interfaces/msg/target.h
-- Installing: /home/kimseohee/haegeum_ws/install/haegeum_interfaces/include/haegeum_interfaces/haegeum_interfaces/msg/battlefield_state.h
-- Installing: /home/kimseohee/haegeum_ws/install/haegeum_interfaces/share/haegeum_interfaces/environment/library_path.sh
-- Installing: /home/kimseohee/haegeum_ws/install/haegeum_interfaces/share/haegeum_interfaces/environment/library_path.dsv
-- Installing: /home/kimseohee/haegeum_ws/install/haegeum_interfaces/lib/libhaegeum_interfaces__rosidl_generator_c.so
-- Set non-toolchain portion of runtime path of "/home/kimseohee/haegeum_ws/install/haegeum_interfaces/lib/libhaegeum_interfaces__rosidl_generator_c.so" to ""
-- Up-to-date: /home/kimseohee/haegeum_ws/install/haegeum_interfaces/include/haegeum_interfaces/haegeum_interfaces
-- Up-to-date: /home/kimseohee/haegeum_ws/install/haegeum_interfaces/include/haegeum_interfaces/haegeum_interfaces/msg
-- Up-to-date: /home/kimseohee/haegeum_ws/install/haegeum_interfaces/include/haegeum_interfaces/haegeum_interfaces/msg/detail
-- Installing: /home/kimseohee/haegeum_ws/install/haegeum_interfaces/include/haegeum_interfaces/haegeum_interfaces/msg/detail/battlefield_state__rosidl_typesupport_fastrtps_c.h
-- Installing: /home/kimseohee/haegeum_ws/install/haegeum_interfaces/include/haegeum_interfaces/haegeum_interfaces/msg/detail/event__rosidl_typesupport_fastrtps_c.h
-- Installing: /home/kimseohee/haegeum_ws/install/haegeum_interfaces/include/haegeum_interfaces/haegeum_interfaces/msg/detail/assignment__rosidl_typesupport_fastrtps_c.h
-- Installing: /home/kimseohee/haegeum_ws/install/haegeum_interfaces/include/haegeum_interfaces/haegeum_interfaces/msg/detail/target__rosidl_typesupport_fastrtps_c.h
-- Installing: /home/kimseohee/haegeum_ws/install/haegeum_interfaces/include/haegeum_interfaces/haegeum_interfaces/msg/detail/robot_status__rosidl_typesupport_fastrtps_c.h
-- Installing: /home/kimseohee/haegeum_ws/install/haegeum_interfaces/include/haegeum_interfaces/haegeum_interfaces/msg/rosidl_typesupport_fastrtps_c__visibility_control.h
-- Installing: /home/kimseohee/haegeum_ws/install/haegeum_interfaces/lib/libhaegeum_interfaces__rosidl_typesupport_fastrtps_c.so
-- Set non-toolchain portion of runtime path of "/home/kimseohee/haegeum_ws/install/haegeum_interfaces/lib/libhaegeum_interfaces__rosidl_typesupport_fastrtps_c.so" to ""
-- Up-to-date: /home/kimseohee/haegeum_ws/install/haegeum_interfaces/include/haegeum_interfaces/haegeum_interfaces
-- Up-to-date: /home/kimseohee/haegeum_ws/install/haegeum_interfaces/include/haegeum_interfaces/haegeum_interfaces/msg
-- Up-to-date: /home/kimseohee/haegeum_ws/install/haegeum_interfaces/include/haegeum_interfaces/haegeum_interfaces/msg/detail
-- Installing: /home/kimseohee/haegeum_ws/install/haegeum_interfaces/include/haegeum_interfaces/haegeum_interfaces/msg/detail/robot_status__rosidl_typesupport_introspection_c.h
-- Installing: /home/kimseohee/haegeum_ws/install/haegeum_interfaces/include/haegeum_interfaces/haegeum_interfaces/msg/detail/event__rosidl_typesupport_introspection_c.h
-- Up-to-date: /home/kimseohee/haegeum_ws/install/haegeum_interfaces/include/haegeum_interfaces/haegeum_interfaces/msg/detail/robot_status__type_support.c
-- Up-to-date: /home/kimseohee/haegeum_ws/install/haegeum_interfaces/include/haegeum_interfaces/haegeum_interfaces/msg/detail/assignment__type_support.c
-- Installing: /home/kimseohee/haegeum_ws/install/haegeum_interfaces/include/haegeum_interfaces/haegeum_interfaces/msg/detail/assignment__rosidl_typesupport_introspection_c.h
-- Up-to-date: /home/kimseohee/haegeum_ws/install/haegeum_interfaces/include/haegeum_interfaces/haegeum_interfaces/msg/detail/event__type_support.c
-- Up-to-date: /home/kimseohee/haegeum_ws/install/haegeum_interfaces/include/haegeum_interfaces/haegeum_interfaces/msg/detail/battlefield_state__type_support.c
-- Installing: /home/kimseohee/haegeum_ws/install/haegeum_interfaces/include/haegeum_interfaces/haegeum_interfaces/msg/detail/battlefield_state__rosidl_typesupport_introspection_c.h
-- Installing: /home/kimseohee/haegeum_ws/install/haegeum_interfaces/include/haegeum_interfaces/haegeum_interfaces/msg/detail/target__rosidl_typesupport_introspection_c.h
-- Up-to-date: /home/kimseohee/haegeum_ws/install/haegeum_interfaces/include/haegeum_interfaces/haegeum_interfaces/msg/detail/target__type_support.c
-- Installing: /home/kimseohee/haegeum_ws/install/haegeum_interfaces/include/haegeum_interfaces/haegeum_interfaces/msg/rosidl_typesupport_introspection_c__visibility_control.h
-- Installing: /home/kimseohee/haegeum_ws/install/haegeum_interfaces/lib/libhaegeum_interfaces__rosidl_typesupport_introspection_c.so
-- Set non-toolchain portion of runtime path of "/home/kimseohee/haegeum_ws/install/haegeum_interfaces/lib/libhaegeum_interfaces__rosidl_typesupport_introspection_c.so" to ""
-- Installing: /home/kimseohee/haegeum_ws/install/haegeum_interfaces/lib/libhaegeum_interfaces__rosidl_typesupport_c.so
-- Set non-toolchain portion of runtime path of "/home/kimseohee/haegeum_ws/install/haegeum_interfaces/lib/libhaegeum_interfaces__rosidl_typesupport_c.so" to ""
-- Up-to-date: /home/kimseohee/haegeum_ws/install/haegeum_interfaces/include/haegeum_interfaces/haegeum_interfaces
-- Up-to-date: /home/kimseohee/haegeum_ws/install/haegeum_interfaces/include/haegeum_interfaces/haegeum_interfaces/msg
-- Up-to-date: /home/kimseohee/haegeum_ws/install/haegeum_interfaces/include/haegeum_interfaces/haegeum_interfaces/msg/detail
-- Installing: /home/kimseohee/haegeum_ws/install/haegeum_interfaces/include/haegeum_interfaces/haegeum_interfaces/msg/detail/battlefield_state__traits.hpp
-- Installing: /home/kimseohee/haegeum_ws/install/haegeum_interfaces/include/haegeum_interfaces/haegeum_interfaces/msg/detail/target__traits.hpp
-- Installing: /home/kimseohee/haegeum_ws/install/haegeum_interfaces/include/haegeum_interfaces/haegeum_interfaces/msg/detail/robot_status__type_support.hpp
-- Installing: /home/kimseohee/haegeum_ws/install/haegeum_interfaces/include/haegeum_interfaces/haegeum_interfaces/msg/detail/robot_status__builder.hpp
-- Installing: /home/kimseohee/haegeum_ws/install/haegeum_interfaces/include/haegeum_interfaces/haegeum_interfaces/msg/detail/event__builder.hpp
-- Installing: /home/kimseohee/haegeum_ws/install/haegeum_interfaces/include/haegeum_interfaces/haegeum_interfaces/msg/detail/target__type_support.hpp
-- Installing: /home/kimseohee/haegeum_ws/install/haegeum_interfaces/include/haegeum_interfaces/haegeum_interfaces/msg/detail/assignment__struct.hpp
-- Installing: /home/kimseohee/haegeum_ws/install/haegeum_interfaces/include/haegeum_interfaces/haegeum_interfaces/msg/detail/battlefield_state__type_support.hpp
-- Installing: /home/kimseohee/haegeum_ws/install/haegeum_interfaces/include/haegeum_interfaces/haegeum_interfaces/msg/detail/robot_status__struct.hpp
-- Installing: /home/kimseohee/haegeum_ws/install/haegeum_interfaces/include/haegeum_interfaces/haegeum_interfaces/msg/detail/assignment__type_support.hpp
-- Installing: /home/kimseohee/haegeum_ws/install/haegeum_interfaces/include/haegeum_interfaces/haegeum_interfaces/msg/detail/event__struct.hpp
-- Installing: /home/kimseohee/haegeum_ws/install/haegeum_interfaces/include/haegeum_interfaces/haegeum_interfaces/msg/detail/battlefield_state__builder.hpp
-- Installing: /home/kimseohee/haegeum_ws/install/haegeum_interfaces/include/haegeum_interfaces/haegeum_interfaces/msg/detail/robot_status__traits.hpp
-- Installing: /home/kimseohee/haegeum_ws/install/haegeum_interfaces/include/haegeum_interfaces/haegeum_interfaces/msg/detail/assignment__traits.hpp
-- Installing: /home/kimseohee/haegeum_ws/install/haegeum_interfaces/include/haegeum_interfaces/haegeum_interfaces/msg/detail/battlefield_state__struct.hpp
-- Installing: /home/kimseohee/haegeum_ws/install/haegeum_interfaces/include/haegeum_interfaces/haegeum_interfaces/msg/detail/target__builder.hpp
-- Installing: /home/kimseohee/haegeum_ws/install/haegeum_interfaces/include/haegeum_interfaces/haegeum_interfaces/msg/detail/event__type_support.hpp
-- Installing: /home/kimseohee/haegeum_ws/install/haegeum_interfaces/include/haegeum_interfaces/haegeum_interfaces/msg/detail/target__struct.hpp
-- Installing: /home/kimseohee/haegeum_ws/install/haegeum_interfaces/include/haegeum_interfaces/haegeum_interfaces/msg/detail/assignment__builder.hpp
-- Installing: /home/kimseohee/haegeum_ws/install/haegeum_interfaces/include/haegeum_interfaces/haegeum_interfaces/msg/detail/event__traits.hpp
-- Installing: /home/kimseohee/haegeum_ws/install/haegeum_interfaces/include/haegeum_interfaces/haegeum_interfaces/msg/rosidl_generator_cpp__visibility_control.hpp
-- Installing: /home/kimseohee/haegeum_ws/install/haegeum_interfaces/include/haegeum_interfaces/haegeum_interfaces/msg/battlefield_state.hpp
-- Installing: /home/kimseohee/haegeum_ws/install/haegeum_interfaces/include/haegeum_interfaces/haegeum_interfaces/msg/target.hpp
-- Installing: /home/kimseohee/haegeum_ws/install/haegeum_interfaces/include/haegeum_interfaces/haegeum_interfaces/msg/robot_status.hpp
-- Installing: /home/kimseohee/haegeum_ws/install/haegeum_interfaces/include/haegeum_interfaces/haegeum_interfaces/msg/assignment.hpp
-- Installing: /home/kimseohee/haegeum_ws/install/haegeum_interfaces/include/haegeum_interfaces/haegeum_interfaces/msg/event.hpp
-- Up-to-date: /home/kimseohee/haegeum_ws/install/haegeum_interfaces/include/haegeum_interfaces/haegeum_interfaces
-- Up-to-date: /home/kimseohee/haegeum_ws/install/haegeum_interfaces/include/haegeum_interfaces/haegeum_interfaces/msg
-- Up-to-date: /home/kimseohee/haegeum_ws/install/haegeum_interfaces/include/haegeum_interfaces/haegeum_interfaces/msg/detail
-- Installing: /home/kimseohee/haegeum_ws/install/haegeum_interfaces/include/haegeum_interfaces/haegeum_interfaces/msg/detail/event__rosidl_typesupport_fastrtps_cpp.hpp
-- Installing: /home/kimseohee/haegeum_ws/install/haegeum_interfaces/include/haegeum_interfaces/haegeum_interfaces/msg/detail/target__rosidl_typesupport_fastrtps_cpp.hpp
-- Installing: /home/kimseohee/haegeum_ws/install/haegeum_interfaces/include/haegeum_interfaces/haegeum_interfaces/msg/detail/battlefield_state__rosidl_typesupport_fastrtps_cpp.hpp
-- Installing: /home/kimseohee/haegeum_ws/install/haegeum_interfaces/include/haegeum_interfaces/haegeum_interfaces/msg/detail/robot_status__rosidl_typesupport_fastrtps_cpp.hpp
-- Installing: /home/kimseohee/haegeum_ws/install/haegeum_interfaces/include/haegeum_interfaces/haegeum_interfaces/msg/detail/dds_fastrtps
-- Installing: /home/kimseohee/haegeum_ws/install/haegeum_interfaces/include/haegeum_interfaces/haegeum_interfaces/msg/detail/assignment__rosidl_typesupport_fastrtps_cpp.hpp
-- Installing: /home/kimseohee/haegeum_ws/install/haegeum_interfaces/include/haegeum_interfaces/haegeum_interfaces/msg/rosidl_typesupport_fastrtps_cpp__visibility_control.h
-- Installing: /home/kimseohee/haegeum_ws/install/haegeum_interfaces/lib/libhaegeum_interfaces__rosidl_typesupport_fastrtps_cpp.so
-- Set non-toolchain portion of runtime path of "/home/kimseohee/haegeum_ws/install/haegeum_interfaces/lib/libhaegeum_interfaces__rosidl_typesupport_fastrtps_cpp.so" to ""
-- Up-to-date: /home/kimseohee/haegeum_ws/install/haegeum_interfaces/include/haegeum_interfaces/haegeum_interfaces
-- Up-to-date: /home/kimseohee/haegeum_ws/install/haegeum_interfaces/include/haegeum_interfaces/haegeum_interfaces/msg
-- Up-to-date: /home/kimseohee/haegeum_ws/install/haegeum_interfaces/include/haegeum_interfaces/haegeum_interfaces/msg/detail
-- Installing: /home/kimseohee/haegeum_ws/install/haegeum_interfaces/include/haegeum_interfaces/haegeum_interfaces/msg/detail/event__rosidl_typesupport_introspection_cpp.hpp
-- Installing: /home/kimseohee/haegeum_ws/install/haegeum_interfaces/include/haegeum_interfaces/haegeum_interfaces/msg/detail/robot_status__rosidl_typesupport_introspection_cpp.hpp
-- Installing: /home/kimseohee/haegeum_ws/install/haegeum_interfaces/include/haegeum_interfaces/haegeum_interfaces/msg/detail/target__rosidl_typesupport_introspection_cpp.hpp
-- Installing: /home/kimseohee/haegeum_ws/install/haegeum_interfaces/include/haegeum_interfaces/haegeum_interfaces/msg/detail/battlefield_state__type_support.cpp
-- Installing: /home/kimseohee/haegeum_ws/install/haegeum_interfaces/include/haegeum_interfaces/haegeum_interfaces/msg/detail/event__type_support.cpp
-- Installing: /home/kimseohee/haegeum_ws/install/haegeum_interfaces/include/haegeum_interfaces/haegeum_interfaces/msg/detail/battlefield_state__rosidl_typesupport_introspection_cpp.hpp
-- Installing: /home/kimseohee/haegeum_ws/install/haegeum_interfaces/include/haegeum_interfaces/haegeum_interfaces/msg/detail/assignment__rosidl_typesupport_introspection_cpp.hpp
-- Installing: /home/kimseohee/haegeum_ws/install/haegeum_interfaces/include/haegeum_interfaces/haegeum_interfaces/msg/detail/target__type_support.cpp
-- Installing: /home/kimseohee/haegeum_ws/install/haegeum_interfaces/include/haegeum_interfaces/haegeum_interfaces/msg/detail/assignment__type_support.cpp
-- Installing: /home/kimseohee/haegeum_ws/install/haegeum_interfaces/include/haegeum_interfaces/haegeum_interfaces/msg/detail/robot_status__type_support.cpp
-- Installing: /home/kimseohee/haegeum_ws/install/haegeum_interfaces/lib/libhaegeum_interfaces__rosidl_typesupport_introspection_cpp.so
-- Set non-toolchain portion of runtime path of "/home/kimseohee/haegeum_ws/install/haegeum_interfaces/lib/libhaegeum_interfaces__rosidl_typesupport_introspection_cpp.so" to ""
-- Installing: /home/kimseohee/haegeum_ws/install/haegeum_interfaces/lib/libhaegeum_interfaces__rosidl_typesupport_cpp.so
-- Set non-toolchain portion of runtime path of "/home/kimseohee/haegeum_ws/install/haegeum_interfaces/lib/libhaegeum_interfaces__rosidl_typesupport_cpp.so" to ""
-- Installing: /home/kimseohee/haegeum_ws/install/haegeum_interfaces/share/haegeum_interfaces/environment/pythonpath.sh
-- Installing: /home/kimseohee/haegeum_ws/install/haegeum_interfaces/share/haegeum_interfaces/environment/pythonpath.dsv
-- Installing: /home/kimseohee/haegeum_ws/install/haegeum_interfaces/lib/python3.12/site-packages/haegeum_interfaces-0.0.0-py3.12.egg-info
-- Installing: /home/kimseohee/haegeum_ws/install/haegeum_interfaces/lib/python3.12/site-packages/haegeum_interfaces-0.0.0-py3.12.egg-info/PKG-INFO
-- Installing: /home/kimseohee/haegeum_ws/install/haegeum_interfaces/lib/python3.12/site-packages/haegeum_interfaces-0.0.0-py3.12.egg-info/SOURCES.txt
-- Installing: /home/kimseohee/haegeum_ws/install/haegeum_interfaces/lib/python3.12/site-packages/haegeum_interfaces-0.0.0-py3.12.egg-info/dependency_links.txt
-- Installing: /home/kimseohee/haegeum_ws/install/haegeum_interfaces/lib/python3.12/site-packages/haegeum_interfaces-0.0.0-py3.12.egg-info/top_level.txt
-- Installing: /home/kimseohee/haegeum_ws/install/haegeum_interfaces/lib/python3.12/site-packages/haegeum_interfaces
-- Installing: /home/kimseohee/haegeum_ws/install/haegeum_interfaces/lib/python3.12/site-packages/haegeum_interfaces/haegeum_interfaces_s__rosidl_typesupport_c.so
-- Installing: /home/kimseohee/haegeum_ws/install/haegeum_interfaces/lib/python3.12/site-packages/haegeum_interfaces/_haegeum_interfaces_s.ep.rosidl_typesupport_fastrtps_c.c
-- Installing: /home/kimseohee/haegeum_ws/install/haegeum_interfaces/lib/python3.12/site-packages/haegeum_interfaces/__init__.py
-- Installing: /home/kimseohee/haegeum_ws/install/haegeum_interfaces/lib/python3.12/site-packages/haegeum_interfaces/_haegeum_interfaces_s.ep.rosidl_typesupport_introspection_c.c
-- Installing: /home/kimseohee/haegeum_ws/install/haegeum_interfaces/lib/python3.12/site-packages/haegeum_interfaces/haegeum_interfaces_s__rosidl_typesupport_fastrtps_c.so
-- Installing: /home/kimseohee/haegeum_ws/install/haegeum_interfaces/lib/python3.12/site-packages/haegeum_interfaces/msg
-- Installing: /home/kimseohee/haegeum_ws/install/haegeum_interfaces/lib/python3.12/site-packages/haegeum_interfaces/msg/_target_s.c
-- Installing: /home/kimseohee/haegeum_ws/install/haegeum_interfaces/lib/python3.12/site-packages/haegeum_interfaces/msg/_target.py
-- Installing: /home/kimseohee/haegeum_ws/install/haegeum_interfaces/lib/python3.12/site-packages/haegeum_interfaces/msg/_event.py
-- Installing: /home/kimseohee/haegeum_ws/install/haegeum_interfaces/lib/python3.12/site-packages/haegeum_interfaces/msg/_battlefield_state.py
-- Installing: /home/kimseohee/haegeum_ws/install/haegeum_interfaces/lib/python3.12/site-packages/haegeum_interfaces/msg/_robot_status.py
-- Installing: /home/kimseohee/haegeum_ws/install/haegeum_interfaces/lib/python3.12/site-packages/haegeum_interfaces/msg/__init__.py
-- Installing: /home/kimseohee/haegeum_ws/install/haegeum_interfaces/lib/python3.12/site-packages/haegeum_interfaces/msg/_assignment.py
-- Installing: /home/kimseohee/haegeum_ws/install/haegeum_interfaces/lib/python3.12/site-packages/haegeum_interfaces/msg/_assignment_s.c
-- Installing: /home/kimseohee/haegeum_ws/install/haegeum_interfaces/lib/python3.12/site-packages/haegeum_interfaces/msg/_battlefield_state_s.c
-- Installing: /home/kimseohee/haegeum_ws/install/haegeum_interfaces/lib/python3.12/site-packages/haegeum_interfaces/msg/_event_s.c
-- Installing: /home/kimseohee/haegeum_ws/install/haegeum_interfaces/lib/python3.12/site-packages/haegeum_interfaces/msg/_robot_status_s.c
-- Installing: /home/kimseohee/haegeum_ws/install/haegeum_interfaces/lib/python3.12/site-packages/haegeum_interfaces/_haegeum_interfaces_s.ep.rosidl_typesupport_c.c
-- Installing: /home/kimseohee/haegeum_ws/install/haegeum_interfaces/lib/python3.12/site-packages/haegeum_interfaces/haegeum_interfaces_s__rosidl_typesupport_introspection_c.so
Listing '/home/kimseohee/haegeum_ws/install/haegeum_interfaces/lib/python3.12/site-packages/haegeum_interfaces'...
Compiling '/home/kimseohee/haegeum_ws/install/haegeum_interfaces/lib/python3.12/site-packages/haegeum_interfaces/__init__.py'...
Listing '/home/kimseohee/haegeum_ws/install/haegeum_interfaces/lib/python3.12/site-packages/haegeum_interfaces/msg'...
Compiling '/home/kimseohee/haegeum_ws/install/haegeum_interfaces/lib/python3.12/site-packages/haegeum_interfaces/msg/__init__.py'...
Compiling '/home/kimseohee/haegeum_ws/install/haegeum_interfaces/lib/python3.12/site-packages/haegeum_interfaces/msg/_assignment.py'...
Compiling '/home/kimseohee/haegeum_ws/install/haegeum_interfaces/lib/python3.12/site-packages/haegeum_interfaces/msg/_battlefield_state.py'...
Compiling '/home/kimseohee/haegeum_ws/install/haegeum_interfaces/lib/python3.12/site-packages/haegeum_interfaces/msg/_event.py'...
Compiling '/home/kimseohee/haegeum_ws/install/haegeum_interfaces/lib/python3.12/site-packages/haegeum_interfaces/msg/_robot_status.py'...
Compiling '/home/kimseohee/haegeum_ws/install/haegeum_interfaces/lib/python3.12/site-packages/haegeum_interfaces/msg/_target.py'...
-- Installing: /home/kimseohee/haegeum_ws/install/haegeum_interfaces/lib/python3.12/site-packages/haegeum_interfaces/haegeum_interfaces_s__rosidl_typesupport_fastrtps_c.so
-- Set non-toolchain portion of runtime path of "/home/kimseohee/haegeum_ws/install/haegeum_interfaces/lib/python3.12/site-packages/haegeum_interfaces/haegeum_interfaces_s__rosidl_typesupport_fastrtps_c.so" to ""
-- Installing: /home/kimseohee/haegeum_ws/install/haegeum_interfaces/lib/python3.12/site-packages/haegeum_interfaces/haegeum_interfaces_s__rosidl_typesupport_introspection_c.so
-- Set non-toolchain portion of runtime path of "/home/kimseohee/haegeum_ws/install/haegeum_interfaces/lib/python3.12/site-packages/haegeum_interfaces/haegeum_interfaces_s__rosidl_typesupport_introspection_c.so" to ""
-- Installing: /home/kimseohee/haegeum_ws/install/haegeum_interfaces/lib/python3.12/site-packages/haegeum_interfaces/haegeum_interfaces_s__rosidl_typesupport_c.so
-- Set non-toolchain portion of runtime path of "/home/kimseohee/haegeum_ws/install/haegeum_interfaces/lib/python3.12/site-packages/haegeum_interfaces/haegeum_interfaces_s__rosidl_typesupport_c.so" to ""
-- Installing: /home/kimseohee/haegeum_ws/install/haegeum_interfaces/lib/libhaegeum_interfaces__rosidl_generator_py.so
-- Set non-toolchain portion of runtime path of "/home/kimseohee/haegeum_ws/install/haegeum_interfaces/lib/libhaegeum_interfaces__rosidl_generator_py.so" to ""
-- Installing: /home/kimseohee/haegeum_ws/install/haegeum_interfaces/share/ament_index/resource_index/rust_packages/haegeum_interfaces
-- Installing: /home/kimseohee/haegeum_ws/install/haegeum_interfaces/share/haegeum_interfaces/rust
-- Installing: /home/kimseohee/haegeum_ws/install/haegeum_interfaces/share/haegeum_interfaces/rust/Cargo.toml
-- Installing: /home/kimseohee/haegeum_ws/install/haegeum_interfaces/share/haegeum_interfaces/rust/src
-- Installing: /home/kimseohee/haegeum_ws/install/haegeum_interfaces/share/haegeum_interfaces/rust/src/msg.rs
-- Installing: /home/kimseohee/haegeum_ws/install/haegeum_interfaces/share/haegeum_interfaces/rust/src/msg
-- Installing: /home/kimseohee/haegeum_ws/install/haegeum_interfaces/share/haegeum_interfaces/rust/src/msg/rmw.rs
-- Installing: /home/kimseohee/haegeum_ws/install/haegeum_interfaces/share/haegeum_interfaces/rust/src/lib.rs
-- Installing: /home/kimseohee/haegeum_ws/install/haegeum_interfaces/share/haegeum_interfaces/rust/build.rs
-- Installing: /home/kimseohee/haegeum_ws/install/haegeum_interfaces/share/haegeum_interfaces/msg/RobotStatus.idl
-- Installing: /home/kimseohee/haegeum_ws/install/haegeum_interfaces/share/haegeum_interfaces/msg/Target.idl
-- Installing: /home/kimseohee/haegeum_ws/install/haegeum_interfaces/share/haegeum_interfaces/msg/Assignment.idl
-- Installing: /home/kimseohee/haegeum_ws/install/haegeum_interfaces/share/haegeum_interfaces/msg/Event.idl
-- Installing: /home/kimseohee/haegeum_ws/install/haegeum_interfaces/share/haegeum_interfaces/msg/BattlefieldState.idl
-- Installing: /home/kimseohee/haegeum_ws/install/haegeum_interfaces/share/haegeum_interfaces/msg/RobotStatus.msg
-- Installing: /home/kimseohee/haegeum_ws/install/haegeum_interfaces/share/haegeum_interfaces/msg/Target.msg
-- Installing: /home/kimseohee/haegeum_ws/install/haegeum_interfaces/share/haegeum_interfaces/msg/Assignment.msg
-- Installing: /home/kimseohee/haegeum_ws/install/haegeum_interfaces/share/haegeum_interfaces/msg/Event.msg
-- Installing: /home/kimseohee/haegeum_ws/install/haegeum_interfaces/share/haegeum_interfaces/msg/BattlefieldState.msg
-- Installing: /home/kimseohee/haegeum_ws/install/haegeum_interfaces/share/ament_index/resource_index/package_run_dependencies/haegeum_interfaces
-- Installing: /home/kimseohee/haegeum_ws/install/haegeum_interfaces/share/ament_index/resource_index/parent_prefix_path/haegeum_interfaces
-- Installing: /home/kimseohee/haegeum_ws/install/haegeum_interfaces/share/haegeum_interfaces/environment/ament_prefix_path.sh
-- Installing: /home/kimseohee/haegeum_ws/install/haegeum_interfaces/share/haegeum_interfaces/environment/ament_prefix_path.dsv
-- Installing: /home/kimseohee/haegeum_ws/install/haegeum_interfaces/share/haegeum_interfaces/environment/path.sh
-- Installing: /home/kimseohee/haegeum_ws/install/haegeum_interfaces/share/haegeum_interfaces/environment/path.dsv
-- Installing: /home/kimseohee/haegeum_ws/install/haegeum_interfaces/share/haegeum_interfaces/local_setup.bash
-- Installing: /home/kimseohee/haegeum_ws/install/haegeum_interfaces/share/haegeum_interfaces/local_setup.sh
-- Installing: /home/kimseohee/haegeum_ws/install/haegeum_interfaces/share/haegeum_interfaces/local_setup.zsh
-- Installing: /home/kimseohee/haegeum_ws/install/haegeum_interfaces/share/haegeum_interfaces/local_setup.dsv
-- Installing: /home/kimseohee/haegeum_ws/install/haegeum_interfaces/share/haegeum_interfaces/package.dsv
-- Installing: /home/kimseohee/haegeum_ws/install/haegeum_interfaces/share/ament_index/resource_index/packages/haegeum_interfaces
-- Installing: /home/kimseohee/haegeum_ws/install/haegeum_interfaces/share/haegeum_interfaces/cmake/export_haegeum_interfaces__rosidl_generator_cExport.cmake
-- Installing: /home/kimseohee/haegeum_ws/install/haegeum_interfaces/share/haegeum_interfaces/cmake/export_haegeum_interfaces__rosidl_generator_cExport-noconfig.cmake
-- Installing: /home/kimseohee/haegeum_ws/install/haegeum_interfaces/share/haegeum_interfaces/cmake/export_haegeum_interfaces__rosidl_typesupport_fastrtps_cExport.cmake
-- Installing: /home/kimseohee/haegeum_ws/install/haegeum_interfaces/share/haegeum_interfaces/cmake/export_haegeum_interfaces__rosidl_typesupport_fastrtps_cExport-noconfig.cmake
-- Installing: /home/kimseohee/haegeum_ws/install/haegeum_interfaces/share/haegeum_interfaces/cmake/haegeum_interfaces__rosidl_typesupport_introspection_cExport.cmake
-- Installing: /home/kimseohee/haegeum_ws/install/haegeum_interfaces/share/haegeum_interfaces/cmake/haegeum_interfaces__rosidl_typesupport_introspection_cExport-noconfig.cmake
-- Installing: /home/kimseohee/haegeum_ws/install/haegeum_interfaces/share/haegeum_interfaces/cmake/haegeum_interfaces__rosidl_typesupport_cExport.cmake
-- Installing: /home/kimseohee/haegeum_ws/install/haegeum_interfaces/share/haegeum_interfaces/cmake/haegeum_interfaces__rosidl_typesupport_cExport-noconfig.cmake
-- Installing: /home/kimseohee/haegeum_ws/install/haegeum_interfaces/share/haegeum_interfaces/cmake/export_haegeum_interfaces__rosidl_generator_cppExport.cmake
-- Installing: /home/kimseohee/haegeum_ws/install/haegeum_interfaces/share/haegeum_interfaces/cmake/export_haegeum_interfaces__rosidl_typesupport_fastrtps_cppExport.cmake
-- Installing: /home/kimseohee/haegeum_ws/install/haegeum_interfaces/share/haegeum_interfaces/cmake/export_haegeum_interfaces__rosidl_typesupport_fastrtps_cppExport-noconfig.cmake
-- Installing: /home/kimseohee/haegeum_ws/install/haegeum_interfaces/share/haegeum_interfaces/cmake/haegeum_interfaces__rosidl_typesupport_introspection_cppExport.cmake
-- Installing: /home/kimseohee/haegeum_ws/install/haegeum_interfaces/share/haegeum_interfaces/cmake/haegeum_interfaces__rosidl_typesupport_introspection_cppExport-noconfig.cmake
-- Installing: /home/kimseohee/haegeum_ws/install/haegeum_interfaces/share/haegeum_interfaces/cmake/haegeum_interfaces__rosidl_typesupport_cppExport.cmake
-- Installing: /home/kimseohee/haegeum_ws/install/haegeum_interfaces/share/haegeum_interfaces/cmake/haegeum_interfaces__rosidl_typesupport_cppExport-noconfig.cmake
-- Installing: /home/kimseohee/haegeum_ws/install/haegeum_interfaces/share/haegeum_interfaces/cmake/export_haegeum_interfaces__rosidl_generator_pyExport.cmake
-- Installing: /home/kimseohee/haegeum_ws/install/haegeum_interfaces/share/haegeum_interfaces/cmake/export_haegeum_interfaces__rosidl_generator_pyExport-noconfig.cmake
-- Installing: /home/kimseohee/haegeum_ws/install/haegeum_interfaces/share/haegeum_interfaces/cmake/rosidl_cmake-extras.cmake
-- Installing: /home/kimseohee/haegeum_ws/install/haegeum_interfaces/share/haegeum_interfaces/cmake/ament_cmake_export_dependencies-extras.cmake
-- Installing: /home/kimseohee/haegeum_ws/install/haegeum_interfaces/share/haegeum_interfaces/cmake/ament_cmake_export_include_directories-extras.cmake
-- Installing: /home/kimseohee/haegeum_ws/install/haegeum_interfaces/share/haegeum_interfaces/cmake/ament_cmake_export_libraries-extras.cmake
-- Installing: /home/kimseohee/haegeum_ws/install/haegeum_interfaces/share/haegeum_interfaces/cmake/ament_cmake_export_targets-extras.cmake
-- Installing: /home/kimseohee/haegeum_ws/install/haegeum_interfaces/share/haegeum_interfaces/cmake/rosidl_cmake_export_typesupport_targets-extras.cmake
-- Installing: /home/kimseohee/haegeum_ws/install/haegeum_interfaces/share/haegeum_interfaces/cmake/rosidl_cmake_export_typesupport_libraries-extras.cmake
-- Installing: /home/kimseohee/haegeum_ws/install/haegeum_interfaces/share/haegeum_interfaces/cmake/rosidl_cmake_aggregate_target-extras.cmake
-- Installing: /home/kimseohee/haegeum_ws/install/haegeum_interfaces/share/haegeum_interfaces/cmake/haegeum_interfacesConfig.cmake
-- Installing: /home/kimseohee/haegeum_ws/install/haegeum_interfaces/share/haegeum_interfaces/cmake/haegeum_interfacesConfig-version.cmake
-- Installing: /home/kimseohee/haegeum_ws/install/haegeum_interfaces/share/haegeum_interfaces/package.xml
