running egg_info
creating ../../build/cop_manager/cop_manager.egg-info
writing ../../build/cop_manager/cop_manager.egg-info/PKG-INFO
writing dependency_links to ../../build/cop_manager/cop_manager.egg-info/dependency_links.txt
writing requirements to ../../build/cop_manager/cop_manager.egg-info/requires.txt
writing top-level names to ../../build/cop_manager/cop_manager.egg-info/top_level.txt
writing manifest file '../../build/cop_manager/cop_manager.egg-info/SOURCES.txt'
reading manifest file '../../build/cop_manager/cop_manager.egg-info/SOURCES.txt'
writing manifest file '../../build/cop_manager/cop_manager.egg-info/SOURCES.txt'
running build
running build_py
creating /home/kimseohee/haegeum_ws/build/cop_manager/build
creating /home/kimseohee/haegeum_ws/build/cop_manager/build/lib
creating /home/kimseohee/haegeum_ws/build/cop_manager/build/lib/cop_manager
copying cop_manager/__init__.py -> /home/kimseohee/haegeum_ws/build/cop_manager/build/lib/cop_manager
running install
running install_lib
creating /home/kimseohee/haegeum_ws/install/cop_manager/lib/python3.12/site-packages/cop_manager
copying /home/kimseohee/haegeum_ws/build/cop_manager/build/lib/cop_manager/__init__.py -> /home/kimseohee/haegeum_ws/install/cop_manager/lib/python3.12/site-packages/cop_manager
byte-compiling /home/kimseohee/haegeum_ws/install/cop_manager/lib/python3.12/site-packages/cop_manager/__init__.py to __init__.cpython-312.pyc
running install_data
creating /home/kimseohee/haegeum_ws/install/cop_manager/share/ament_index
creating /home/kimseohee/haegeum_ws/install/cop_manager/share/ament_index/resource_index
creating /home/kimseohee/haegeum_ws/install/cop_manager/share/ament_index/resource_index/packages
copying resource/cop_manager -> /home/kimseohee/haegeum_ws/install/cop_manager/share/ament_index/resource_index/packages
copying package.xml -> /home/kimseohee/haegeum_ws/install/cop_manager/share/cop_manager
running install_egg_info
Copying ../../build/cop_manager/cop_manager.egg-info to /home/kimseohee/haegeum_ws/install/cop_manager/lib/python3.12/site-packages/cop_manager-0.0.0-py3.12.egg-info
running install_scripts
writing list of installed files to '/home/kimseohee/haegeum_ws/build/cop_manager/install.log'
