[1.659s] Invoking command in '/home/kimseohee/haegeum_ws/src/cop_manager': DEBUGINFOD_URLS=https://debuginfod.ubuntu.com PYTHONPATH=/home/kimseohee/haegeum_ws/build/cop_manager/prefix_override:/usr/lib/python3/dist-packages/colcon_core/task/python/colcon_distutils_commands:/home/kimseohee/haegeum_ws/install/cop_manager/lib/python3.12/site-packages:${PYTHONPATH} /usr/bin/python3 -W ignore:setup.py install is deprecated -W ignore:easy_install command is deprecated setup.py egg_info --egg-base ../../build/cop_manager build --build-base /home/kimseohee/haegeum_ws/build/cop_manager/build install --record /home/kimseohee/haegeum_ws/build/cop_manager/install.log --single-version-externally-managed install_data
[1.846s] running egg_info
[1.846s] creating ../../build/cop_manager/cop_manager.egg-info
[1.858s] writing ../../build/cop_manager/cop_manager.egg-info/PKG-INFO
[1.858s] writing dependency_links to ../../build/cop_manager/cop_manager.egg-info/dependency_links.txt
[1.858s] writing requirements to ../../build/cop_manager/cop_manager.egg-info/requires.txt
[1.858s] writing top-level names to ../../build/cop_manager/cop_manager.egg-info/top_level.txt
[1.858s] writing manifest file '../../build/cop_manager/cop_manager.egg-info/SOURCES.txt'
[1.883s] reading manifest file '../../build/cop_manager/cop_manager.egg-info/SOURCES.txt'
[1.884s] writing manifest file '../../build/cop_manager/cop_manager.egg-info/SOURCES.txt'
[1.885s] running build
[1.885s] running build_py
[1.885s] creating /home/kimseohee/haegeum_ws/build/cop_manager/build
[1.885s] creating /home/kimseohee/haegeum_ws/build/cop_manager/build/lib
[1.885s] creating /home/kimseohee/haegeum_ws/build/cop_manager/build/lib/cop_manager
[1.885s] copying cop_manager/__init__.py -> /home/kimseohee/haegeum_ws/build/cop_manager/build/lib/cop_manager
[1.885s] running install
[1.893s] running install_lib
[1.913s] creating /home/kimseohee/haegeum_ws/install/cop_manager/lib/python3.12/site-packages/cop_manager
[1.913s] copying /home/kimseohee/haegeum_ws/build/cop_manager/build/lib/cop_manager/__init__.py -> /home/kimseohee/haegeum_ws/install/cop_manager/lib/python3.12/site-packages/cop_manager
[1.913s] byte-compiling /home/kimseohee/haegeum_ws/install/cop_manager/lib/python3.12/site-packages/cop_manager/__init__.py to __init__.cpython-312.pyc
[1.913s] running install_data
[1.913s] creating /home/kimseohee/haegeum_ws/install/cop_manager/share/ament_index
[1.914s] creating /home/kimseohee/haegeum_ws/install/cop_manager/share/ament_index/resource_index
[1.914s] creating /home/kimseohee/haegeum_ws/install/cop_manager/share/ament_index/resource_index/packages
[1.914s] copying resource/cop_manager -> /home/kimseohee/haegeum_ws/install/cop_manager/share/ament_index/resource_index/packages
[1.914s] copying package.xml -> /home/kimseohee/haegeum_ws/install/cop_manager/share/cop_manager
[1.914s] running install_egg_info
[1.936s] Copying ../../build/cop_manager/cop_manager.egg-info to /home/kimseohee/haegeum_ws/install/cop_manager/lib/python3.12/site-packages/cop_manager-0.0.0-py3.12.egg-info
[1.937s] running install_scripts
[2.078s] writing list of installed files to '/home/kimseohee/haegeum_ws/build/cop_manager/install.log'
[2.127s] Invoked command in '/home/kimseohee/haegeum_ws/src/cop_manager' returned '0': DEBUGINFOD_URLS=https://debuginfod.ubuntu.com PYTHONPATH=/home/kimseohee/haegeum_ws/build/cop_manager/prefix_override:/usr/lib/python3/dist-packages/colcon_core/task/python/colcon_distutils_commands:/home/kimseohee/haegeum_ws/install/cop_manager/lib/python3.12/site-packages:${PYTHONPATH} /usr/bin/python3 -W ignore:setup.py install is deprecated -W ignore:easy_install command is deprecated setup.py egg_info --egg-base ../../build/cop_manager build --build-base /home/kimseohee/haegeum_ws/build/cop_manager/build install --record /home/kimseohee/haegeum_ws/build/cop_manager/install.log --single-version-externally-managed install_data
