running egg_info
writing ../../build/ai_commander/ai_commander.egg-info/PKG-INFO
writing dependency_links to ../../build/ai_commander/ai_commander.egg-info/dependency_links.txt
writing entry points to ../../build/ai_commander/ai_commander.egg-info/entry_points.txt
writing requirements to ../../build/ai_commander/ai_commander.egg-info/requires.txt
writing top-level names to ../../build/ai_commander/ai_commander.egg-info/top_level.txt
reading manifest file '../../build/ai_commander/ai_commander.egg-info/SOURCES.txt'
writing manifest file '../../build/ai_commander/ai_commander.egg-info/SOURCES.txt'
running build
running build_py
copying ai_commander/ai_commander.py -> /home/kimseohee/haegeum_ws/build/ai_commander/build/lib/ai_commander
running install
running install_lib
copying /home/kimseohee/haegeum_ws/build/ai_commander/build/lib/ai_commander/ai_commander.py -> /home/kimseohee/haegeum_ws/install/ai_commander/lib/python3.12/site-packages/ai_commander
byte-compiling /home/kimseohee/haegeum_ws/install/ai_commander/lib/python3.12/site-packages/ai_commander/ai_commander.py to ai_commander.cpython-312.pyc
running install_data
copying package.xml -> /home/kimseohee/haegeum_ws/install/ai_commander/share/ai_commander
running install_egg_info
removing '/home/kimseohee/haegeum_ws/install/ai_commander/lib/python3.12/site-packages/ai_commander-0.0.0-py3.12.egg-info' (and everything under it)
Copying ../../build/ai_commander/ai_commander.egg-info to /home/kimseohee/haegeum_ws/install/ai_commander/lib/python3.12/site-packages/ai_commander-0.0.0-py3.12.egg-info
running install_scripts
Installing ai_commander script to /home/kimseohee/haegeum_ws/install/ai_commander/lib/ai_commander
writing list of installed files to '/home/kimseohee/haegeum_ws/build/ai_commander/install.log'
