[0.479s] Invoking command in '/home/kimseohee/haegeum_ws/src/ai_commander': DEBUGINFOD_URLS=https://debuginfod.ubuntu.com PYTHONPATH=/home/kimseohee/haegeum_ws/build/ai_commander/prefix_override:/usr/lib/python3/dist-packages/colcon_core/task/python/colcon_distutils_commands:/home/kimseohee/haegeum_ws/install/ai_commander/lib/python3.12/site-packages:${PYTHONPATH} /usr/bin/python3 -W ignore:setup.py install is deprecated -W ignore:easy_install command is deprecated setup.py egg_info --egg-base ../../build/ai_commander build --build-base /home/kimseohee/haegeum_ws/build/ai_commander/build install --record /home/kimseohee/haegeum_ws/build/ai_commander/install.log --single-version-externally-managed install_data
[0.632s] running egg_info
[0.641s] writing ../../build/ai_commander/ai_commander.egg-info/PKG-INFO
[0.642s] writing dependency_links to ../../build/ai_commander/ai_commander.egg-info/dependency_links.txt
[0.642s] writing entry points to ../../build/ai_commander/ai_commander.egg-info/entry_points.txt
[0.642s] writing requirements to ../../build/ai_commander/ai_commander.egg-info/requires.txt
[0.642s] writing top-level names to ../../build/ai_commander/ai_commander.egg-info/top_level.txt
[0.663s] reading manifest file '../../build/ai_commander/ai_commander.egg-info/SOURCES.txt'
[0.663s] writing manifest file '../../build/ai_commander/ai_commander.egg-info/SOURCES.txt'
[0.663s] running build
[0.663s] running build_py
[0.663s] copying ai_commander/ai_commander.py -> /home/kimseohee/haegeum_ws/build/ai_commander/build/lib/ai_commander
[0.663s] running install
[0.667s] running install_lib
[0.677s] copying /home/kimseohee/haegeum_ws/build/ai_commander/build/lib/ai_commander/ai_commander.py -> /home/kimseohee/haegeum_ws/install/ai_commander/lib/python3.12/site-packages/ai_commander
[0.678s] byte-compiling /home/kimseohee/haegeum_ws/install/ai_commander/lib/python3.12/site-packages/ai_commander/ai_commander.py to ai_commander.cpython-312.pyc
[0.678s] running install_data
[0.678s] copying package.xml -> /home/kimseohee/haegeum_ws/install/ai_commander/share/ai_commander
[0.678s] running install_egg_info
[0.690s] removing '/home/kimseohee/haegeum_ws/install/ai_commander/lib/python3.12/site-packages/ai_commander-0.0.0-py3.12.egg-info' (and everything under it)
[0.690s] Copying ../../build/ai_commander/ai_commander.egg-info to /home/kimseohee/haegeum_ws/install/ai_commander/lib/python3.12/site-packages/ai_commander-0.0.0-py3.12.egg-info
[0.691s] running install_scripts
[0.770s] Installing ai_commander script to /home/kimseohee/haegeum_ws/install/ai_commander/lib/ai_commander
[0.770s] writing list of installed files to '/home/kimseohee/haegeum_ws/build/ai_commander/install.log'
[0.795s] Invoked command in '/home/kimseohee/haegeum_ws/src/ai_commander' returned '0': DEBUGINFOD_URLS=https://debuginfod.ubuntu.com PYTHONPATH=/home/kimseohee/haegeum_ws/build/ai_commander/prefix_override:/usr/lib/python3/dist-packages/colcon_core/task/python/colcon_distutils_commands:/home/kimseohee/haegeum_ws/install/ai_commander/lib/python3.12/site-packages:${PYTHONPATH} /usr/bin/python3 -W ignore:setup.py install is deprecated -W ignore:easy_install command is deprecated setup.py egg_info --egg-base ../../build/ai_commander build --build-base /home/kimseohee/haegeum_ws/build/ai_commander/build install --record /home/kimseohee/haegeum_ws/build/ai_commander/install.log --single-version-externally-managed install_data
